ARM GAS  C:\Users\Asus\AppData\Local\Temp\ccg4AV96.s 			page 1


   1              		.syntax unified
   2              		.cpu cortex-m3
   3              		.fpu softvfp
   4              		.eabi_attribute 20, 1
   5              		.eabi_attribute 21, 1
   6              		.eabi_attribute 23, 3
   7              		.eabi_attribute 24, 1
   8              		.eabi_attribute 25, 1
   9              		.eabi_attribute 26, 1
  10              		.eabi_attribute 30, 1
  11              		.eabi_attribute 34, 1
  12              		.eabi_attribute 18, 4
  13              		.thumb
  14              		.syntax unified
  15              		.file	"cymetadata.c"
  16              		.text
  17              	.Ltext0:
  18              		.cfi_sections	.debug_frame
  19              		.global	cy_metadata
  20              		.global	cy_meta_flashprotect
  21              		.global	cy_meta_wonvl
  22              		.global	cy_meta_custnvl
  23              		.global	cy_meta_configecc
  24              		.section	.cyconfigecc,"a",%progbits
  25              		.align	2
  26              		.type	cy_meta_configecc, %object
  27              		.size	cy_meta_configecc, 1184
  28              	cy_meta_configecc:
  29 0000 03       		.byte	3
  30 0001 52       		.byte	82
  31 0002 00       		.byte	0
  32 0003 40       		.byte	64
  33 0004 01       		.byte	1
  34 0005 5A       		.byte	90
  35 0006 00       		.byte	0
  36 0007 40       		.byte	64
  37 0008 03       		.byte	3
  38 0009 64       		.byte	100
  39 000a 00       		.byte	0
  40 000b 40       		.byte	64
  41 000c 01       		.byte	1
  42 000d 01       		.byte	1
  43 000e 01       		.byte	1
  44 000f 40       		.byte	64
  45 0010 02       		.byte	2
  46 0011 03       		.byte	3
  47 0012 01       		.byte	1
  48 0013 40       		.byte	64
  49 0014 04       		.byte	4
  50 0015 08       		.byte	8
  51 0016 01       		.byte	1
  52 0017 40       		.byte	64
  53 0018 04       		.byte	4
  54 0019 09       		.byte	9
  55 001a 01       		.byte	1
  56 001b 40       		.byte	64
  57 001c 4F       		.byte	79
ARM GAS  C:\Users\Asus\AppData\Local\Temp\ccg4AV96.s 			page 2


  58 001d 0A       		.byte	10
  59 001e 01       		.byte	1
  60 001f 40       		.byte	64
  61 0020 43       		.byte	67
  62 0021 0B       		.byte	11
  63 0022 01       		.byte	1
  64 0023 40       		.byte	64
  65 0024 12       		.byte	18
  66 0025 0C       		.byte	12
  67 0026 01       		.byte	1
  68 0027 40       		.byte	64
  69 0028 4A       		.byte	74
  70 0029 0D       		.byte	13
  71 002a 01       		.byte	1
  72 002b 40       		.byte	64
  73 002c 4E       		.byte	78
  74 002d 0E       		.byte	14
  75 002e 01       		.byte	1
  76 002f 40       		.byte	64
  77 0030 35       		.byte	53
  78 0031 0F       		.byte	15
  79 0032 01       		.byte	1
  80 0033 40       		.byte	64
  81 0034 01       		.byte	1
  82 0035 15       		.byte	21
  83 0036 01       		.byte	1
  84 0037 40       		.byte	64
  85 0038 01       		.byte	1
  86 0039 19       		.byte	25
  87 003a 01       		.byte	1
  88 003b 40       		.byte	64
  89 003c 01       		.byte	1
  90 003d 1B       		.byte	27
  91 003e 01       		.byte	1
  92 003f 40       		.byte	64
  93 0040 06       		.byte	6
  94 0041 40       		.byte	64
  95 0042 01       		.byte	1
  96 0043 40       		.byte	64
  97 0044 07       		.byte	7
  98 0045 41       		.byte	65
  99 0046 01       		.byte	1
 100 0047 40       		.byte	64
 101 0048 02       		.byte	2
 102 0049 42       		.byte	66
 103 004a 01       		.byte	1
 104 004b 40       		.byte	64
 105 004c 04       		.byte	4
 106 004d 43       		.byte	67
 107 004e 01       		.byte	1
 108 004f 40       		.byte	64
 109 0050 06       		.byte	6
 110 0051 44       		.byte	68
 111 0052 01       		.byte	1
 112 0053 40       		.byte	64
 113 0054 08       		.byte	8
 114 0055 45       		.byte	69
ARM GAS  C:\Users\Asus\AppData\Local\Temp\ccg4AV96.s 			page 3


 115 0056 01       		.byte	1
 116 0057 40       		.byte	64
 117 0058 09       		.byte	9
 118 0059 46       		.byte	70
 119 005a 01       		.byte	1
 120 005b 40       		.byte	64
 121 005c 04       		.byte	4
 122 005d 47       		.byte	71
 123 005e 01       		.byte	1
 124 005f 40       		.byte	64
 125 0060 04       		.byte	4
 126 0061 48       		.byte	72
 127 0062 01       		.byte	1
 128 0063 40       		.byte	64
 129 0064 01       		.byte	1
 130 0065 49       		.byte	73
 131 0066 01       		.byte	1
 132 0067 40       		.byte	64
 133 0068 03       		.byte	3
 134 0069 4C       		.byte	76
 135 006a 01       		.byte	1
 136 006b 40       		.byte	64
 137 006c 02       		.byte	2
 138 006d 4D       		.byte	77
 139 006e 01       		.byte	1
 140 006f 40       		.byte	64
 141 0070 03       		.byte	3
 142 0071 50       		.byte	80
 143 0072 01       		.byte	1
 144 0073 40       		.byte	64
 145 0074 02       		.byte	2
 146 0075 51       		.byte	81
 147 0076 01       		.byte	1
 148 0077 40       		.byte	64
 149 0078 10       		.byte	16
 150 0079 02       		.byte	2
 151 007a 11       		.byte	17
 152 007b 02       		.byte	2
 153 007c 14       		.byte	20
 154 007d 01       		.byte	1
 155 007e 87       		.byte	-121
 156 007f 01       		.byte	1
 157 0080 8B       		.byte	-117
 158 0081 0F       		.byte	15
 159 0082 8D       		.byte	-115
 160 0083 38       		.byte	56
 161 0084 8E       		.byte	-114
 162 0085 72       		.byte	114
 163 0086 E0       		.byte	-32
 164 0087 40       		.byte	64
 165 0088 E6       		.byte	-26
 166 0089 02       		.byte	2
 167 008a EA       		.byte	-22
 168 008b 04       		.byte	4
 169 008c B9       		.byte	-71
 170 008d 80       		.byte	-128
 171 008e BF       		.byte	-65
ARM GAS  C:\Users\Asus\AppData\Local\Temp\ccg4AV96.s 			page 4


 172 008f 40       		.byte	64
 173 0090 D9       		.byte	-39
 174 0091 04       		.byte	4
 175 0092 DF       		.byte	-33
 176 0093 01       		.byte	1
 177 0094 20       		.byte	32
 178 0095 01       		.byte	1
 179 0096 A8       		.byte	-88
 180 0097 02       		.byte	2
 181 0098 AB       		.byte	-85
 182 0099 08       		.byte	8
 183 009a B4       		.byte	-76
 184 009b 01       		.byte	1
 185 009c 00       		.byte	0
 186 009d 02       		.byte	2
 187 009e 03       		.byte	3
 188 009f 33       		.byte	51
 189 00a0 04       		.byte	4
 190 00a1 40       		.byte	64
 191 00a2 05       		.byte	5
 192 00a3 0C       		.byte	12
 193 00a4 06       		.byte	6
 194 00a5 30       		.byte	48
 195 00a6 08       		.byte	8
 196 00a7 01       		.byte	1
 197 00a8 09       		.byte	9
 198 00a9 04       		.byte	4
 199 00aa 0A       		.byte	10
 200 00ab 0C       		.byte	12
 201 00ac 0C       		.byte	12
 202 00ad 24       		.byte	36
 203 00ae 0D       		.byte	13
 204 00af 41       		.byte	65
 205 00b0 0E       		.byte	14
 206 00b1 40       		.byte	64
 207 00b2 10       		.byte	16
 208 00b3 02       		.byte	2
 209 00b4 11       		.byte	17
 210 00b5 7F       		.byte	127
 211 00b6 14       		.byte	20
 212 00b7 70       		.byte	112
 213 00b8 16       		.byte	22
 214 00b9 08       		.byte	8
 215 00ba 17       		.byte	23
 216 00bb 40       		.byte	64
 217 00bc 18       		.byte	24
 218 00bd 50       		.byte	80
 219 00be 19       		.byte	25
 220 00bf 03       		.byte	3
 221 00c0 1C       		.byte	28
 222 00c1 30       		.byte	48
 223 00c2 1D       		.byte	29
 224 00c3 4C       		.byte	76
 225 00c4 1E       		.byte	30
 226 00c5 44       		.byte	68
 227 00c6 1F       		.byte	31
 228 00c7 23       		.byte	35
ARM GAS  C:\Users\Asus\AppData\Local\Temp\ccg4AV96.s 			page 5


 229 00c8 21       		.byte	33
 230 00c9 08       		.byte	8
 231 00ca 24       		.byte	36
 232 00cb 40       		.byte	64
 233 00cc 25       		.byte	37
 234 00cd 02       		.byte	2
 235 00ce 28       		.byte	40
 236 00cf 02       		.byte	2
 237 00d0 29       		.byte	41
 238 00d1 73       		.byte	115
 239 00d2 2B       		.byte	43
 240 00d3 0C       		.byte	12
 241 00d4 2C       		.byte	44
 242 00d5 02       		.byte	2
 243 00d6 2D       		.byte	45
 244 00d7 4F       		.byte	79
 245 00d8 2F       		.byte	47
 246 00d9 10       		.byte	16
 247 00da 30       		.byte	48
 248 00db 02       		.byte	2
 249 00dc 33       		.byte	51
 250 00dd 0F       		.byte	15
 251 00de 34       		.byte	52
 252 00df 7C       		.byte	124
 253 00e0 36       		.byte	54
 254 00e1 01       		.byte	1
 255 00e2 37       		.byte	55
 256 00e3 7C       		.byte	124
 257 00e4 3B       		.byte	59
 258 00e5 8A       		.byte	-118
 259 00e6 3E       		.byte	62
 260 00e7 41       		.byte	65
 261 00e8 58       		.byte	88
 262 00e9 04       		.byte	4
 263 00ea 59       		.byte	89
 264 00eb 04       		.byte	4
 265 00ec 5C       		.byte	92
 266 00ed 11       		.byte	17
 267 00ee 5F       		.byte	95
 268 00ef 01       		.byte	1
 269 00f0 83       		.byte	-125
 270 00f1 01       		.byte	1
 271 00f2 85       		.byte	-123
 272 00f3 03       		.byte	3
 273 00f4 86       		.byte	-122
 274 00f5 01       		.byte	1
 275 00f6 95       		.byte	-107
 276 00f7 02       		.byte	2
 277 00f8 98       		.byte	-104
 278 00f9 01       		.byte	1
 279 00fa 9E       		.byte	-98
 280 00fb 01       		.byte	1
 281 00fc A6       		.byte	-90
 282 00fd 01       		.byte	1
 283 00fe A9       		.byte	-87
 284 00ff 04       		.byte	4
 285 0100 AC       		.byte	-84
ARM GAS  C:\Users\Asus\AppData\Local\Temp\ccg4AV96.s 			page 6


 286 0101 01       		.byte	1
 287 0102 AD       		.byte	-83
 288 0103 03       		.byte	3
 289 0104 B0       		.byte	-80
 290 0105 01       		.byte	1
 291 0106 B1       		.byte	-79
 292 0107 03       		.byte	3
 293 0108 B5       		.byte	-75
 294 0109 04       		.byte	4
 295 010a B9       		.byte	-71
 296 010b 02       		.byte	2
 297 010c BE       		.byte	-66
 298 010d 01       		.byte	1
 299 010e BF       		.byte	-65
 300 010f 11       		.byte	17
 301 0110 C0       		.byte	-64
 302 0111 01       		.byte	1
 303 0112 C7       		.byte	-57
 304 0113 04       		.byte	4
 305 0114 C9       		.byte	-55
 306 0115 FF       		.byte	-1
 307 0116 CA       		.byte	-54
 308 0117 07       		.byte	7
 309 0118 CB       		.byte	-53
 310 0119 FF       		.byte	-1
 311 011a CC       		.byte	-52
 312 011b 40       		.byte	64
 313 011c CD       		.byte	-51
 314 011d 20       		.byte	32
 315 011e CE       		.byte	-50
 316 011f F0       		.byte	-16
 317 0120 CF       		.byte	-49
 318 0121 05       		.byte	5
 319 0122 D0       		.byte	-48
 320 0123 08       		.byte	8
 321 0124 D4       		.byte	-44
 322 0125 01       		.byte	1
 323 0126 D8       		.byte	-40
 324 0127 04       		.byte	4
 325 0128 D9       		.byte	-39
 326 0129 04       		.byte	4
 327 012a DA       		.byte	-38
 328 012b 04       		.byte	4
 329 012c DB       		.byte	-37
 330 012d 04       		.byte	4
 331 012e DD       		.byte	-35
 332 012f 11       		.byte	17
 333 0130 DF       		.byte	-33
 334 0131 01       		.byte	1
 335 0132 E0       		.byte	-32
 336 0133 40       		.byte	64
 337 0134 E1       		.byte	-31
 338 0135 A8       		.byte	-88
 339 0136 E2       		.byte	-30
 340 0137 40       		.byte	64
 341 0138 E3       		.byte	-29
 342 0139 20       		.byte	32
ARM GAS  C:\Users\Asus\AppData\Local\Temp\ccg4AV96.s 			page 7


 343 013a 00       		.byte	0
 344 013b 06       		.byte	6
 345 013c 01       		.byte	1
 346 013d A0       		.byte	-96
 347 013e 05       		.byte	5
 348 013f 04       		.byte	4
 349 0140 08       		.byte	8
 350 0141 09       		.byte	9
 351 0142 0A       		.byte	10
 352 0143 40       		.byte	64
 353 0144 0B       		.byte	11
 354 0145 06       		.byte	6
 355 0146 0E       		.byte	14
 356 0147 04       		.byte	4
 357 0148 0F       		.byte	15
 358 0149 01       		.byte	1
 359 014a 11       		.byte	17
 360 014b 08       		.byte	8
 361 014c 12       		.byte	18
 362 014d 0A       		.byte	10
 363 014e 14       		.byte	20
 364 014f 20       		.byte	32
 365 0150 15       		.byte	21
 366 0151 40       		.byte	64
 367 0152 16       		.byte	22
 368 0153 20       		.byte	32
 369 0154 18       		.byte	24
 370 0155 02       		.byte	2
 371 0156 19       		.byte	25
 372 0157 21       		.byte	33
 373 0158 1E       		.byte	30
 374 0159 80       		.byte	-128
 375 015a 20       		.byte	32
 376 015b 02       		.byte	2
 377 015c 22       		.byte	34
 378 015d 4A       		.byte	74
 379 015e 27       		.byte	39
 380 015f 88       		.byte	-120
 381 0160 28       		.byte	40
 382 0161 11       		.byte	17
 383 0162 29       		.byte	41
 384 0163 10       		.byte	16
 385 0164 2A       		.byte	42
 386 0165 02       		.byte	2
 387 0166 2D       		.byte	45
 388 0167 40       		.byte	64
 389 0168 2F       		.byte	47
 390 0169 09       		.byte	9
 391 016a 32       		.byte	50
 392 016b 56       		.byte	86
 393 016c 34       		.byte	52
 394 016d 08       		.byte	8
 395 016e 35       		.byte	53
 396 016f 04       		.byte	4
 397 0170 38       		.byte	56
 398 0171 68       		.byte	104
 399 0172 39       		.byte	57
ARM GAS  C:\Users\Asus\AppData\Local\Temp\ccg4AV96.s 			page 8


 400 0173 02       		.byte	2
 401 0174 3C       		.byte	60
 402 0175 04       		.byte	4
 403 0176 3D       		.byte	61
 404 0177 02       		.byte	2
 405 0178 3E       		.byte	62
 406 0179 04       		.byte	4
 407 017a 3F       		.byte	63
 408 017b 01       		.byte	1
 409 017c 47       		.byte	71
 410 017d 80       		.byte	-128
 411 017e 4D       		.byte	77
 412 017f 02       		.byte	2
 413 0180 4F       		.byte	79
 414 0181 01       		.byte	1
 415 0182 55       		.byte	85
 416 0183 04       		.byte	4
 417 0184 56       		.byte	86
 418 0185 04       		.byte	4
 419 0186 5C       		.byte	92
 420 0187 22       		.byte	34
 421 0188 5E       		.byte	94
 422 0189 80       		.byte	-128
 423 018a 5F       		.byte	95
 424 018b 08       		.byte	8
 425 018c 90       		.byte	-112
 426 018d 68       		.byte	104
 427 018e 91       		.byte	-111
 428 018f 02       		.byte	2
 429 0190 92       		.byte	-110
 430 0191 6C       		.byte	108
 431 0192 93       		.byte	-109
 432 0193 06       		.byte	6
 433 0194 95       		.byte	-107
 434 0195 40       		.byte	64
 435 0196 96       		.byte	-106
 436 0197 80       		.byte	-128
 437 0198 98       		.byte	-104
 438 0199 10       		.byte	16
 439 019a 99       		.byte	-103
 440 019b 94       		.byte	-108
 441 019c 9A       		.byte	-102
 442 019d 22       		.byte	34
 443 019e 9C       		.byte	-100
 444 019f 08       		.byte	8
 445 01a0 9D       		.byte	-99
 446 01a1 03       		.byte	3
 447 01a2 9E       		.byte	-98
 448 01a3 04       		.byte	4
 449 01a4 A3       		.byte	-93
 450 01a5 08       		.byte	8
 451 01a6 A5       		.byte	-91
 452 01a7 01       		.byte	1
 453 01a8 A6       		.byte	-90
 454 01a9 0A       		.byte	10
 455 01aa B0       		.byte	-80
 456 01ab 02       		.byte	2
ARM GAS  C:\Users\Asus\AppData\Local\Temp\ccg4AV96.s 			page 9


 457 01ac B3       		.byte	-77
 458 01ad 02       		.byte	2
 459 01ae B4       		.byte	-76
 460 01af 40       		.byte	64
 461 01b0 C0       		.byte	-64
 462 01b1 2F       		.byte	47
 463 01b2 C2       		.byte	-62
 464 01b3 CF       		.byte	-49
 465 01b4 C4       		.byte	-60
 466 01b5 A7       		.byte	-89
 467 01b6 CA       		.byte	-54
 468 01b7 3F       		.byte	63
 469 01b8 CC       		.byte	-52
 470 01b9 4F       		.byte	79
 471 01ba CE       		.byte	-50
 472 01bb CF       		.byte	-49
 473 01bc D0       		.byte	-48
 474 01bd 10       		.byte	16
 475 01be D6       		.byte	-42
 476 01bf F0       		.byte	-16
 477 01c0 02       		.byte	2
 478 01c1 01       		.byte	1
 479 01c2 04       		.byte	4
 480 01c3 06       		.byte	6
 481 01c4 06       		.byte	6
 482 01c5 01       		.byte	1
 483 01c6 0A       		.byte	10
 484 01c7 02       		.byte	2
 485 01c8 0E       		.byte	14
 486 01c9 06       		.byte	6
 487 01ca 15       		.byte	21
 488 01cb 02       		.byte	2
 489 01cc 17       		.byte	23
 490 01cd 01       		.byte	1
 491 01ce 1A       		.byte	26
 492 01cf 05       		.byte	5
 493 01d0 1F       		.byte	31
 494 01d1 02       		.byte	2
 495 01d2 2E       		.byte	46
 496 01d3 03       		.byte	3
 497 01d4 30       		.byte	48
 498 01d5 07       		.byte	7
 499 01d6 31       		.byte	49
 500 01d7 01       		.byte	1
 501 01d8 33       		.byte	51
 502 01d9 02       		.byte	2
 503 01da 3A       		.byte	58
 504 01db 02       		.byte	2
 505 01dc 58       		.byte	88
 506 01dd 04       		.byte	4
 507 01de 59       		.byte	89
 508 01df 04       		.byte	4
 509 01e0 5C       		.byte	92
 510 01e1 31       		.byte	49
 511 01e2 5F       		.byte	95
 512 01e3 01       		.byte	1
 513 01e4 01       		.byte	1
ARM GAS  C:\Users\Asus\AppData\Local\Temp\ccg4AV96.s 			page 10


 514 01e5 80       		.byte	-128
 515 01e6 02       		.byte	2
 516 01e7 04       		.byte	4
 517 01e8 03       		.byte	3
 518 01e9 20       		.byte	32
 519 01ea 05       		.byte	5
 520 01eb 8A       		.byte	-118
 521 01ec 06       		.byte	6
 522 01ed 04       		.byte	4
 523 01ee 08       		.byte	8
 524 01ef 08       		.byte	8
 525 01f0 09       		.byte	9
 526 01f1 01       		.byte	1
 527 01f2 0A       		.byte	10
 528 01f3 04       		.byte	4
 529 01f4 0B       		.byte	11
 530 01f5 02       		.byte	2
 531 01f6 0E       		.byte	14
 532 01f7 04       		.byte	4
 533 01f8 10       		.byte	16
 534 01f9 28       		.byte	40
 535 01fa 13       		.byte	19
 536 01fb 01       		.byte	1
 537 01fc 15       		.byte	21
 538 01fd 40       		.byte	64
 539 01fe 18       		.byte	24
 540 01ff 04       		.byte	4
 541 0200 19       		.byte	25
 542 0201 0C       		.byte	12
 543 0202 1B       		.byte	27
 544 0203 01       		.byte	1
 545 0204 1F       		.byte	31
 546 0205 01       		.byte	1
 547 0206 20       		.byte	32
 548 0207 01       		.byte	1
 549 0208 22       		.byte	34
 550 0209 15       		.byte	21
 551 020a 27       		.byte	39
 552 020b 90       		.byte	-112
 553 020c 28       		.byte	40
 554 020d 82       		.byte	-126
 555 020e 29       		.byte	41
 556 020f 10       		.byte	16
 557 0210 31       		.byte	49
 558 0211 08       		.byte	8
 559 0212 32       		.byte	50
 560 0213 50       		.byte	80
 561 0214 36       		.byte	54
 562 0215 04       		.byte	4
 563 0216 37       		.byte	55
 564 0217 80       		.byte	-128
 565 0218 38       		.byte	56
 566 0219 82       		.byte	-126
 567 021a 39       		.byte	57
 568 021b 14       		.byte	20
 569 021c 40       		.byte	64
 570 021d 81       		.byte	-127
ARM GAS  C:\Users\Asus\AppData\Local\Temp\ccg4AV96.s 			page 11


 571 021e 41       		.byte	65
 572 021f 01       		.byte	1
 573 0220 43       		.byte	67
 574 0221 20       		.byte	32
 575 0222 44       		.byte	68
 576 0223 10       		.byte	16
 577 0224 45       		.byte	69
 578 0225 08       		.byte	8
 579 0226 48       		.byte	72
 580 0227 20       		.byte	32
 581 0228 49       		.byte	73
 582 0229 10       		.byte	16
 583 022a 4A       		.byte	74
 584 022b 0A       		.byte	10
 585 022c 4C       		.byte	76
 586 022d 01       		.byte	1
 587 022e 4E       		.byte	78
 588 022f 02       		.byte	2
 589 0230 50       		.byte	80
 590 0231 08       		.byte	8
 591 0232 5A       		.byte	90
 592 0233 02       		.byte	2
 593 0234 60       		.byte	96
 594 0235 04       		.byte	4
 595 0236 63       		.byte	99
 596 0237 42       		.byte	66
 597 0238 87       		.byte	-121
 598 0239 40       		.byte	64
 599 023a 90       		.byte	-112
 600 023b A8       		.byte	-88
 601 023c 91       		.byte	-111
 602 023d 16       		.byte	22
 603 023e 92       		.byte	-110
 604 023f 44       		.byte	68
 605 0240 93       		.byte	-109
 606 0241 05       		.byte	5
 607 0242 94       		.byte	-108
 608 0243 02       		.byte	2
 609 0244 96       		.byte	-106
 610 0245 80       		.byte	-128
 611 0246 97       		.byte	-105
 612 0247 02       		.byte	2
 613 0248 99       		.byte	-103
 614 0249 80       		.byte	-128
 615 024a 9A       		.byte	-102
 616 024b 22       		.byte	34
 617 024c 9C       		.byte	-100
 618 024d 12       		.byte	18
 619 024e 9D       		.byte	-99
 620 024f 09       		.byte	9
 621 0250 9F       		.byte	-97
 622 0251 10       		.byte	16
 623 0252 A1       		.byte	-95
 624 0253 08       		.byte	8
 625 0254 A2       		.byte	-94
 626 0255 04       		.byte	4
 627 0256 A3       		.byte	-93
ARM GAS  C:\Users\Asus\AppData\Local\Temp\ccg4AV96.s 			page 12


 628 0257 28       		.byte	40
 629 0258 A5       		.byte	-91
 630 0259 01       		.byte	1
 631 025a A6       		.byte	-90
 632 025b 08       		.byte	8
 633 025c A7       		.byte	-89
 634 025d 02       		.byte	2
 635 025e AB       		.byte	-85
 636 025f 10       		.byte	16
 637 0260 B4       		.byte	-76
 638 0261 01       		.byte	1
 639 0262 B6       		.byte	-74
 640 0263 10       		.byte	16
 641 0264 C0       		.byte	-64
 642 0265 F7       		.byte	-9
 643 0266 C2       		.byte	-62
 644 0267 4F       		.byte	79
 645 0268 C4       		.byte	-60
 646 0269 8E       		.byte	-114
 647 026a CA       		.byte	-54
 648 026b 0D       		.byte	13
 649 026c CC       		.byte	-52
 650 026d 5E       		.byte	94
 651 026e CE       		.byte	-50
 652 026f 0F       		.byte	15
 653 0270 D0       		.byte	-48
 654 0271 0D       		.byte	13
 655 0272 D2       		.byte	-46
 656 0273 0C       		.byte	12
 657 0274 D6       		.byte	-42
 658 0275 01       		.byte	1
 659 0276 D8       		.byte	-40
 660 0277 0D       		.byte	13
 661 0278 00       		.byte	0
 662 0279 06       		.byte	6
 663 027a 01       		.byte	1
 664 027b 01       		.byte	1
 665 027c 02       		.byte	2
 666 027d 09       		.byte	9
 667 027e 05       		.byte	5
 668 027f 0E       		.byte	14
 669 0280 06       		.byte	6
 670 0281 10       		.byte	16
 671 0282 08       		.byte	8
 672 0283 09       		.byte	9
 673 0284 09       		.byte	9
 674 0285 0E       		.byte	14
 675 0286 0A       		.byte	10
 676 0287 06       		.byte	6
 677 0288 0C       		.byte	12
 678 0289 20       		.byte	32
 679 028a 0D       		.byte	13
 680 028b 08       		.byte	8
 681 028c 10       		.byte	16
 682 028d 0E       		.byte	14
 683 028e 12       		.byte	18
 684 028f 01       		.byte	1
ARM GAS  C:\Users\Asus\AppData\Local\Temp\ccg4AV96.s 			page 13


 685 0290 14       		.byte	20
 686 0291 0F       		.byte	15
 687 0292 15       		.byte	21
 688 0293 01       		.byte	1
 689 0294 18       		.byte	24
 690 0295 10       		.byte	16
 691 0296 1C       		.byte	28
 692 0297 10       		.byte	16
 693 0298 1F       		.byte	31
 694 0299 01       		.byte	1
 695 029a 20       		.byte	32
 696 029b 04       		.byte	4
 697 029c 23       		.byte	35
 698 029d 01       		.byte	1
 699 029e 24       		.byte	36
 700 029f 02       		.byte	2
 701 02a0 25       		.byte	37
 702 02a1 04       		.byte	4
 703 02a2 27       		.byte	39
 704 02a3 02       		.byte	2
 705 02a4 28       		.byte	40
 706 02a5 06       		.byte	6
 707 02a6 2D       		.byte	45
 708 02a7 02       		.byte	2
 709 02a8 2E       		.byte	46
 710 02a9 09       		.byte	9
 711 02aa 2F       		.byte	47
 712 02ab 04       		.byte	4
 713 02ac 30       		.byte	48
 714 02ad 07       		.byte	7
 715 02ae 31       		.byte	49
 716 02af 08       		.byte	8
 717 02b0 33       		.byte	51
 718 02b1 06       		.byte	6
 719 02b2 34       		.byte	52
 720 02b3 0E       		.byte	14
 721 02b4 36       		.byte	54
 722 02b5 30       		.byte	48
 723 02b6 37       		.byte	55
 724 02b7 01       		.byte	1
 725 02b8 38       		.byte	56
 726 02b9 80       		.byte	-128
 727 02ba 39       		.byte	57
 728 02bb 80       		.byte	-128
 729 02bc 3A       		.byte	58
 730 02bd 02       		.byte	2
 731 02be 56       		.byte	86
 732 02bf 02       		.byte	2
 733 02c0 57       		.byte	87
 734 02c1 13       		.byte	19
 735 02c2 58       		.byte	88
 736 02c3 04       		.byte	4
 737 02c4 59       		.byte	89
 738 02c5 04       		.byte	4
 739 02c6 5B       		.byte	91
 740 02c7 04       		.byte	4
 741 02c8 5C       		.byte	92
ARM GAS  C:\Users\Asus\AppData\Local\Temp\ccg4AV96.s 			page 14


 742 02c9 11       		.byte	17
 743 02ca 5D       		.byte	93
 744 02cb 10       		.byte	16
 745 02cc 5F       		.byte	95
 746 02cd 01       		.byte	1
 747 02ce 84       		.byte	-124
 748 02cf 0A       		.byte	10
 749 02d0 86       		.byte	-122
 750 02d1 04       		.byte	4
 751 02d2 8E       		.byte	-114
 752 02d3 08       		.byte	8
 753 02d4 90       		.byte	-112
 754 02d5 03       		.byte	3
 755 02d6 92       		.byte	-110
 756 02d7 04       		.byte	4
 757 02d8 98       		.byte	-104
 758 02d9 03       		.byte	3
 759 02da 9A       		.byte	-102
 760 02db 0C       		.byte	12
 761 02dc A2       		.byte	-94
 762 02dd 05       		.byte	5
 763 02de A4       		.byte	-92
 764 02df 03       		.byte	3
 765 02e0 A6       		.byte	-90
 766 02e1 04       		.byte	4
 767 02e2 AF       		.byte	-81
 768 02e3 01       		.byte	1
 769 02e4 B3       		.byte	-77
 770 02e5 01       		.byte	1
 771 02e6 B4       		.byte	-76
 772 02e7 0F       		.byte	15
 773 02e8 BA       		.byte	-70
 774 02e9 20       		.byte	32
 775 02ea C0       		.byte	-64
 776 02eb 24       		.byte	36
 777 02ec C1       		.byte	-63
 778 02ed 05       		.byte	5
 779 02ee C5       		.byte	-59
 780 02ef 0B       		.byte	11
 781 02f0 C6       		.byte	-58
 782 02f1 C0       		.byte	-64
 783 02f2 C7       		.byte	-57
 784 02f3 0E       		.byte	14
 785 02f4 C8       		.byte	-56
 786 02f5 19       		.byte	25
 787 02f6 C9       		.byte	-55
 788 02f7 FF       		.byte	-1
 789 02f8 CA       		.byte	-54
 790 02f9 FF       		.byte	-1
 791 02fa CB       		.byte	-53
 792 02fb FF       		.byte	-1
 793 02fc CE       		.byte	-50
 794 02fd F0       		.byte	-16
 795 02fe CF       		.byte	-49
 796 02ff 44       		.byte	68
 797 0300 D0       		.byte	-48
 798 0301 0C       		.byte	12
ARM GAS  C:\Users\Asus\AppData\Local\Temp\ccg4AV96.s 			page 15


 799 0302 D8       		.byte	-40
 800 0303 04       		.byte	4
 801 0304 D9       		.byte	-39
 802 0305 04       		.byte	4
 803 0306 DA       		.byte	-38
 804 0307 04       		.byte	4
 805 0308 DC       		.byte	-36
 806 0309 31       		.byte	49
 807 030a DD       		.byte	-35
 808 030b 01       		.byte	1
 809 030c DF       		.byte	-33
 810 030d 01       		.byte	1
 811 030e E6       		.byte	-26
 812 030f C0       		.byte	-64
 813 0310 EA       		.byte	-22
 814 0311 40       		.byte	64
 815 0312 EB       		.byte	-21
 816 0313 02       		.byte	2
 817 0314 01       		.byte	1
 818 0315 0A       		.byte	10
 819 0316 02       		.byte	2
 820 0317 08       		.byte	8
 821 0318 03       		.byte	3
 822 0319 01       		.byte	1
 823 031a 05       		.byte	5
 824 031b 88       		.byte	-120
 825 031c 09       		.byte	9
 826 031d 20       		.byte	32
 827 031e 0A       		.byte	10
 828 031f A0       		.byte	-96
 829 0320 0B       		.byte	11
 830 0321 02       		.byte	2
 831 0322 0E       		.byte	14
 832 0323 04       		.byte	4
 833 0324 0F       		.byte	15
 834 0325 80       		.byte	-128
 835 0326 10       		.byte	16
 836 0327 28       		.byte	40
 837 0328 12       		.byte	18
 838 0329 02       		.byte	2
 839 032a 13       		.byte	19
 840 032b 02       		.byte	2
 841 032c 16       		.byte	22
 842 032d 20       		.byte	32
 843 032e 17       		.byte	23
 844 032f 01       		.byte	1
 845 0330 18       		.byte	24
 846 0331 80       		.byte	-128
 847 0332 19       		.byte	25
 848 0333 82       		.byte	-126
 849 0334 1A       		.byte	26
 850 0335 40       		.byte	64
 851 0336 1B       		.byte	27
 852 0337 20       		.byte	32
 853 0338 1D       		.byte	29
 854 0339 20       		.byte	32
 855 033a 1E       		.byte	30
ARM GAS  C:\Users\Asus\AppData\Local\Temp\ccg4AV96.s 			page 16


 856 033b 04       		.byte	4
 857 033c 21       		.byte	33
 858 033d 09       		.byte	9
 859 033e 22       		.byte	34
 860 033f 02       		.byte	2
 861 0340 23       		.byte	35
 862 0341 01       		.byte	1
 863 0342 26       		.byte	38
 864 0343 04       		.byte	4
 865 0344 28       		.byte	40
 866 0345 12       		.byte	18
 867 0346 29       		.byte	41
 868 0347 02       		.byte	2
 869 0348 2F       		.byte	47
 870 0349 02       		.byte	2
 871 034a 32       		.byte	50
 872 034b 48       		.byte	72
 873 034c 38       		.byte	56
 874 034d 02       		.byte	2
 875 034e 39       		.byte	57
 876 034f 54       		.byte	84
 877 0350 45       		.byte	69
 878 0351 21       		.byte	33
 879 0352 47       		.byte	71
 880 0353 01       		.byte	1
 881 0354 4E       		.byte	78
 882 0355 01       		.byte	1
 883 0356 4F       		.byte	79
 884 0357 84       		.byte	-124
 885 0358 56       		.byte	86
 886 0359 20       		.byte	32
 887 035a 57       		.byte	87
 888 035b 08       		.byte	8
 889 035c 59       		.byte	89
 890 035d 01       		.byte	1
 891 035e 69       		.byte	105
 892 035f 54       		.byte	84
 893 0360 70       		.byte	112
 894 0361 3C       		.byte	60
 895 0362 72       		.byte	114
 896 0363 02       		.byte	2
 897 0364 73       		.byte	115
 898 0365 02       		.byte	2
 899 0366 7E       		.byte	126
 900 0367 01       		.byte	1
 901 0368 7F       		.byte	127
 902 0369 01       		.byte	1
 903 036a C0       		.byte	-64
 904 036b AF       		.byte	-81
 905 036c C2       		.byte	-62
 906 036d 5F       		.byte	95
 907 036e C4       		.byte	-60
 908 036f 3F       		.byte	63
 909 0370 CA       		.byte	-54
 910 0371 1B       		.byte	27
 911 0372 CC       		.byte	-52
 912 0373 0A       		.byte	10
ARM GAS  C:\Users\Asus\AppData\Local\Temp\ccg4AV96.s 			page 17


 913 0374 CE       		.byte	-50
 914 0375 0F       		.byte	15
 915 0376 D0       		.byte	-48
 916 0377 A0       		.byte	-96
 917 0378 D2       		.byte	-46
 918 0379 10       		.byte	16
 919 037a D6       		.byte	-42
 920 037b 01       		.byte	1
 921 037c E0       		.byte	-32
 922 037d 40       		.byte	64
 923 037e EC       		.byte	-20
 924 037f 80       		.byte	-128
 925 0380 B4       		.byte	-76
 926 0381 01       		.byte	1
 927 0382 EC       		.byte	-20
 928 0383 80       		.byte	-128
 929 0384 33       		.byte	51
 930 0385 18       		.byte	24
 931 0386 37       		.byte	55
 932 0387 80       		.byte	-128
 933 0388 3C       		.byte	60
 934 0389 40       		.byte	64
 935 038a 8C       		.byte	-116
 936 038b 40       		.byte	64
 937 038c CC       		.byte	-52
 938 038d 70       		.byte	112
 939 038e CE       		.byte	-50
 940 038f 20       		.byte	32
 941 0390 87       		.byte	-121
 942 0391 08       		.byte	8
 943 0392 94       		.byte	-108
 944 0393 40       		.byte	64
 945 0394 9F       		.byte	-97
 946 0395 80       		.byte	-128
 947 0396 A7       		.byte	-89
 948 0397 08       		.byte	8
 949 0398 AB       		.byte	-85
 950 0399 10       		.byte	16
 951 039a E6       		.byte	-26
 952 039b 40       		.byte	64
 953 039c EA       		.byte	-22
 954 039d 20       		.byte	32
 955 039e 94       		.byte	-108
 956 039f 40       		.byte	64
 957 03a0 9F       		.byte	-97
 958 03a1 80       		.byte	-128
 959 03a2 13       		.byte	19
 960 03a3 80       		.byte	-128
 961 03a4 94       		.byte	-108
 962 03a5 40       		.byte	64
 963 03a6 9F       		.byte	-97
 964 03a7 80       		.byte	-128
 965 03a8 C4       		.byte	-60
 966 03a9 40       		.byte	64
 967 03aa 33       		.byte	51
 968 03ab 80       		.byte	-128
 969 03ac 7D       		.byte	125
ARM GAS  C:\Users\Asus\AppData\Local\Temp\ccg4AV96.s 			page 18


 970 03ad 20       		.byte	32
 971 03ae 8F       		.byte	-113
 972 03af 80       		.byte	-128
 973 03b0 CC       		.byte	-52
 974 03b1 08       		.byte	8
 975 03b2 DE       		.byte	-34
 976 03b3 01       		.byte	1
 977 03b4 E0       		.byte	-32
 978 03b5 02       		.byte	2
 979 03b6 00       		.byte	0
 980 03b7 08       		.byte	8
 981 03b8 01       		.byte	1
 982 03b9 08       		.byte	8
 983 03ba 0E       		.byte	14
 984 03bb 01       		.byte	1
 985 03bc 5C       		.byte	92
 986 03bd 40       		.byte	64
 987 03be A5       		.byte	-91
 988 03bf 10       		.byte	16
 989 03c0 C0       		.byte	-64
 990 03c1 08       		.byte	8
 991 03c2 C2       		.byte	-62
 992 03c3 01       		.byte	1
 993 03c4 D6       		.byte	-42
 994 03c5 04       		.byte	4
 995 03c6 46       		.byte	70
 996 03c7 40       		.byte	64
 997 03c8 94       		.byte	-108
 998 03c9 40       		.byte	64
 999 03ca A5       		.byte	-91
 1000 03cb 10       		.byte	16
 1001 03cc B0       		.byte	-80
 1002 03cd 04       		.byte	4
 1003 03ce B2       		.byte	-78
 1004 03cf 01       		.byte	1
 1005 03d0 B5       		.byte	-75
 1006 03d1 08       		.byte	8
 1007 03d2 D0       		.byte	-48
 1008 03d3 01       		.byte	1
 1009 03d4 EA       		.byte	-22
 1010 03d5 06       		.byte	6
 1011 03d6 EE       		.byte	-18
 1012 03d7 01       		.byte	1
 1013 03d8 9E       		.byte	-98
 1014 03d9 40       		.byte	64
 1015 03da A5       		.byte	-91
 1016 03db 10       		.byte	16
 1017 03dc B4       		.byte	-76
 1018 03dd 40       		.byte	64
 1019 03de E8       		.byte	-24
 1020 03df 02       		.byte	2
 1021 03e0 24       		.byte	36
 1022 03e1 40       		.byte	64
 1023 03e2 27       		.byte	39
 1024 03e3 08       		.byte	8
 1025 03e4 94       		.byte	-108
 1026 03e5 40       		.byte	64
ARM GAS  C:\Users\Asus\AppData\Local\Temp\ccg4AV96.s 			page 19


 1027 03e6 C8       		.byte	-56
 1028 03e7 A0       		.byte	-96
 1029 03e8 B3       		.byte	-77
 1030 03e9 08       		.byte	8
 1031 03ea 9E       		.byte	-98
 1032 03eb 40       		.byte	64
 1033 03ec B5       		.byte	-75
 1034 03ed 10       		.byte	16
 1035 03ee EC       		.byte	-20
 1036 03ef 08       		.byte	8
 1037 03f0 B2       		.byte	-78
 1038 03f1 40       		.byte	64
 1039 03f2 EC       		.byte	-20
 1040 03f3 01       		.byte	1
 1041 03f4 00       		.byte	0
 1042 03f5 0A       		.byte	10
 1043 03f6 0C       		.byte	12
 1044 03f7 02       		.byte	2
 1045 03f8 0E       		.byte	14
 1046 03f9 0A       		.byte	10
 1047 03fa 00       		.byte	0
 1048 03fb 3B       		.byte	59
 1049 03fc 10       		.byte	16
 1050 03fd 02       		.byte	2
 1051 03fe 00       		.byte	0
 1052 03ff 00       		.byte	0
 1053 0400 00       		.byte	0
 1054 0401 0C       		.byte	12
 1055 0402 00       		.byte	0
 1056 0403 00       		.byte	0
 1057 0404 00       		.byte	0
 1058 0405 70       		.byte	112
 1059 0406 01       		.byte	1
 1060 0407 00       		.byte	0
 1061 0408 00       		.byte	0
 1062 0409 70       		.byte	112
 1063 040a 10       		.byte	16
 1064 040b 00       		.byte	0
 1065 040c 00       		.byte	0
 1066 040d 00       		.byte	0
 1067 040e 18       		.byte	24
 1068 040f 0C       		.byte	12
 1069 0410 00       		.byte	0
 1070 0411 00       		.byte	0
 1071 0412 06       		.byte	6
 1072 0413 00       		.byte	0
 1073 0414 18       		.byte	24
 1074 0415 48       		.byte	72
 1075 0416 06       		.byte	6
 1076 0417 12       		.byte	18
 1077 0418 02       		.byte	2
 1078 0419 1C       		.byte	28
 1079 041a 0C       		.byte	12
 1080 041b 61       		.byte	97
 1081 041c 02       		.byte	2
 1082 041d 00       		.byte	0
 1083 041e 1C       		.byte	28
ARM GAS  C:\Users\Asus\AppData\Local\Temp\ccg4AV96.s 			page 20


 1084 041f 0C       		.byte	12
 1085 0420 00       		.byte	0
 1086 0421 00       		.byte	0
 1087 0422 20       		.byte	32
 1088 0423 0C       		.byte	12
 1089 0424 00       		.byte	0
 1090 0425 00       		.byte	0
 1091 0426 01       		.byte	1
 1092 0427 00       		.byte	0
 1093 0428 00       		.byte	0
 1094 0429 0C       		.byte	12
 1095 042a 20       		.byte	32
 1096 042b 00       		.byte	0
 1097 042c 00       		.byte	0
 1098 042d 24       		.byte	36
 1099 042e 00       		.byte	0
 1100 042f 92       		.byte	-110
 1101 0430 01       		.byte	1
 1102 0431 0C       		.byte	12
 1103 0432 1E       		.byte	30
 1104 0433 80       		.byte	-128
 1105 0434 20       		.byte	32
 1106 0435 70       		.byte	112
 1107 0436 00       		.byte	0
 1108 0437 03       		.byte	3
 1109 0438 00       		.byte	0
 1110 0439 00       		.byte	0
 1111 043a 08       		.byte	8
 1112 043b 00       		.byte	0
 1113 043c 00       		.byte	0
 1114 043d 00       		.byte	0
 1115 043e 11       		.byte	17
 1116 043f 40       		.byte	64
 1117 0440 64       		.byte	100
 1118 0441 05       		.byte	5
 1119 0442 02       		.byte	2
 1120 0443 00       		.byte	0
 1121 0444 01       		.byte	1
 1122 0445 0C       		.byte	12
 1123 0446 00       		.byte	0
 1124 0447 0E       		.byte	14
 1125 0448 11       		.byte	17
 1126 0449 FF       		.byte	-1
 1127 044a FF       		.byte	-1
 1128 044b FF       		.byte	-1
 1129 044c 62       		.byte	98
 1130 044d A0       		.byte	-96
 1131 044e F0       		.byte	-16
 1132 044f 41       		.byte	65
 1133 0450 0C       		.byte	12
 1134 0451 00       		.byte	0
 1135 0452 00       		.byte	0
 1136 0453 00       		.byte	0
 1137 0454 18       		.byte	24
 1138 0455 00       		.byte	0
 1139 0456 04       		.byte	4
 1140 0457 00       		.byte	0
ARM GAS  C:\Users\Asus\AppData\Local\Temp\ccg4AV96.s 			page 21


 1141 0458 04       		.byte	4
 1142 0459 04       		.byte	4
 1143 045a 04       		.byte	4
 1144 045b 04       		.byte	4
 1145 045c 11       		.byte	17
 1146 045d 11       		.byte	17
 1147 045e 00       		.byte	0
 1148 045f 01       		.byte	1
 1149 0460 00       		.byte	0
 1150 0461 00       		.byte	0
 1151 0462 00       		.byte	0
 1152 0463 00       		.byte	0
 1153 0464 00       		.byte	0
 1154 0465 00       		.byte	0
 1155 0466 40       		.byte	64
 1156 0467 02       		.byte	2
 1157 0468 00       		.byte	0
 1158 0469 10       		.byte	16
 1159 046a 30       		.byte	48
 1160 046b 10       		.byte	16
 1161 046c 00       		.byte	0
 1162 046d 10       		.byte	16
 1163 046e 10       		.byte	16
 1164 046f 12       		.byte	18
 1165 0470 00       		.byte	0
 1166 0471 00       		.byte	0
 1167 0472 00       		.byte	0
 1168 0473 00       		.byte	0
 1169 0474 00       		.byte	0
 1170 0475 00       		.byte	0
 1171 0476 00       		.byte	0
 1172 0477 00       		.byte	0
 1173 0478 00       		.byte	0
 1174 0479 00       		.byte	0
 1175 047a 00       		.byte	0
 1176 047b 00       		.byte	0
 1177 047c 00       		.byte	0
 1178 047d 00       		.byte	0
 1179 047e 00       		.byte	0
 1180 047f 00       		.byte	0
 1181 0480 00       		.byte	0
 1182 0481 00       		.byte	0
 1183 0482 00       		.byte	0
 1184 0483 00       		.byte	0
 1185 0484 00       		.byte	0
 1186 0485 00       		.byte	0
 1187 0486 30       		.byte	48
 1188 0487 00       		.byte	0
 1189 0488 00       		.byte	0
 1190 0489 0B       		.byte	11
 1191 048a 0B       		.byte	11
 1192 048b 00       		.byte	0
 1193 048c 00       		.byte	0
 1194 048d 00       		.byte	0
 1195 048e 00       		.byte	0
 1196 048f 00       		.byte	0
 1197 0490 82       		.byte	-126
ARM GAS  C:\Users\Asus\AppData\Local\Temp\ccg4AV96.s 			page 22


 1198 0491 00       		.byte	0
 1199 0492 01       		.byte	1
 1200 0493 F2       		.byte	-14
 1201 0494 72       		.byte	114
 1202 0495 00       		.byte	0
 1203 0496 02       		.byte	2
 1204 0497 00       		.byte	0
 1205 0498 00       		.byte	0
 1206 0499 00       		.byte	0
 1207 049a 00       		.byte	0
 1208 049b 00       		.byte	0
 1209 049c BB       		.byte	-69
 1210 049d 00       		.byte	0
 1211 049e 18       		.byte	24
 1212 049f 01       		.byte	1
 1213              		.section	.cywolatch,"a",%progbits
 1214              		.align	2
 1215              		.type	cy_meta_wonvl, %object
 1216              		.size	cy_meta_wonvl, 4
 1217              	cy_meta_wonvl:
 1218 0000 BC       		.byte	-68
 1219 0001 90       		.byte	-112
 1220 0002 AC       		.byte	-84
 1221 0003 AF       		.byte	-81
 1222              		.section	.cycustnvl,"a",%progbits
 1223              		.align	2
 1224              		.type	cy_meta_custnvl, %object
 1225              		.size	cy_meta_custnvl, 4
 1226              	cy_meta_custnvl:
 1227 0000 00       		.byte	0
 1228 0001 00       		.byte	0
 1229 0002 40       		.byte	64
 1230 0003 05       		.byte	5
 1231              		.section	.cymeta,"a",%progbits
 1232              		.align	2
 1233              		.type	cy_metadata, %object
 1234              		.size	cy_metadata, 12
 1235              	cy_metadata:
 1236 0000 00       		.byte	0
 1237 0001 01       		.byte	1
 1238 0002 2E       		.byte	46
 1239 0003 16       		.byte	22
 1240 0004 00       		.byte	0
 1241 0005 69       		.byte	105
 1242 0006 00       		.byte	0
 1243 0007 01       		.byte	1
 1244 0008 00       		.byte	0
 1245 0009 00       		.byte	0
 1246 000a 00       		.byte	0
 1247 000b 00       		.byte	0
 1248              		.section	.cyflashprotect,"a",%progbits
 1249              		.align	2
 1250              		.type	cy_meta_flashprotect, %object
 1251              		.size	cy_meta_flashprotect, 256
 1252              	cy_meta_flashprotect:
 1253 0000 00000000 		.space	256
 1253      00000000 
ARM GAS  C:\Users\Asus\AppData\Local\Temp\ccg4AV96.s 			page 23


 1253      00000000 
 1253      00000000 
 1253      00000000 
 1254              		.text
 1255              	.Letext0:
 1256              		.file 1 "c:\\program files (x86)\\cypress\\psoc creator\\4.4\\psoc creator\\import\\gnu\\arm\\5.4.
 1257              		.file 2 "c:\\program files (x86)\\cypress\\psoc creator\\4.4\\psoc creator\\import\\gnu\\arm\\5.4.
 1258              		.file 3 "Generated_Source\\PSoC5\\cymetadata.c"
 1259              		.section	.debug_info,"",%progbits
 1260              	.Ldebug_info0:
 1261 0000 32010000 		.4byte	0x132
 1262 0004 0400     		.2byte	0x4
 1263 0006 00000000 		.4byte	.Ldebug_abbrev0
 1264 000a 04       		.byte	0x4
 1265 000b 01       		.uleb128 0x1
 1266 000c 24000000 		.4byte	.LASF17
 1267 0010 0C       		.byte	0xc
 1268 0011 E2010000 		.4byte	.LASF18
 1269 0015 3A010000 		.4byte	.LASF19
 1270 0019 00000000 		.4byte	.Ldebug_line0
 1271 001d 02       		.uleb128 0x2
 1272 001e 01       		.byte	0x1
 1273 001f 06       		.byte	0x6
 1274 0020 D6010000 		.4byte	.LASF0
 1275 0024 03       		.uleb128 0x3
 1276 0025 00000000 		.4byte	.LASF9
 1277 0029 01       		.byte	0x1
 1278 002a 1D       		.byte	0x1d
 1279 002b 2F000000 		.4byte	0x2f
 1280 002f 02       		.uleb128 0x2
 1281 0030 01       		.byte	0x1
 1282 0031 08       		.byte	0x8
 1283 0032 16000000 		.4byte	.LASF1
 1284 0036 02       		.uleb128 0x2
 1285 0037 02       		.byte	0x2
 1286 0038 05       		.byte	0x5
 1287 0039 C3010000 		.4byte	.LASF2
 1288 003d 02       		.uleb128 0x2
 1289 003e 02       		.byte	0x2
 1290 003f 07       		.byte	0x7
 1291 0040 C4000000 		.4byte	.LASF3
 1292 0044 02       		.uleb128 0x2
 1293 0045 04       		.byte	0x4
 1294 0046 05       		.byte	0x5
 1295 0047 CD010000 		.4byte	.LASF4
 1296 004b 02       		.uleb128 0x2
 1297 004c 04       		.byte	0x4
 1298 004d 07       		.byte	0x7
 1299 004e B2000000 		.4byte	.LASF5
 1300 0052 02       		.uleb128 0x2
 1301 0053 08       		.byte	0x8
 1302 0054 05       		.byte	0x5
 1303 0055 B5010000 		.4byte	.LASF6
 1304 0059 02       		.uleb128 0x2
 1305 005a 08       		.byte	0x8
 1306 005b 07       		.byte	0x7
 1307 005c 06010000 		.4byte	.LASF7
ARM GAS  C:\Users\Asus\AppData\Local\Temp\ccg4AV96.s 			page 24


 1308 0060 04       		.uleb128 0x4
 1309 0061 04       		.byte	0x4
 1310 0062 05       		.byte	0x5
 1311 0063 696E7400 		.ascii	"int\000"
 1312 0067 02       		.uleb128 0x2
 1313 0068 04       		.byte	0x4
 1314 0069 07       		.byte	0x7
 1315 006a F9000000 		.4byte	.LASF8
 1316 006e 03       		.uleb128 0x3
 1317 006f 1D010000 		.4byte	.LASF10
 1318 0073 02       		.byte	0x2
 1319 0074 18       		.byte	0x18
 1320 0075 24000000 		.4byte	0x24
 1321 0079 05       		.uleb128 0x5
 1322 007a 91000000 		.4byte	0x91
 1323 007e 8A000000 		.4byte	0x8a
 1324 0082 06       		.uleb128 0x6
 1325 0083 8A000000 		.4byte	0x8a
 1326 0087 9F04     		.2byte	0x49f
 1327 0089 00       		.byte	0
 1328 008a 02       		.uleb128 0x2
 1329 008b 04       		.byte	0x4
 1330 008c 07       		.byte	0x7
 1331 008d AC010000 		.4byte	.LASF11
 1332 0091 07       		.uleb128 0x7
 1333 0092 6E000000 		.4byte	0x6e
 1334 0096 08       		.uleb128 0x8
 1335 0097 E7000000 		.4byte	.LASF12
 1336 009b 03       		.byte	0x3
 1337 009c 1F       		.byte	0x1f
 1338 009d A7000000 		.4byte	0xa7
 1339 00a1 05       		.uleb128 0x5
 1340 00a2 03       		.byte	0x3
 1341 00a3 00000000 		.4byte	cy_meta_configecc
 1342 00a7 07       		.uleb128 0x7
 1343 00a8 79000000 		.4byte	0x79
 1344 00ac 05       		.uleb128 0x5
 1345 00ad 91000000 		.4byte	0x91
 1346 00b1 BC000000 		.4byte	0xbc
 1347 00b5 09       		.uleb128 0x9
 1348 00b6 8A000000 		.4byte	0x8a
 1349 00ba 03       		.byte	0x3
 1350 00bb 00       		.byte	0
 1351 00bc 08       		.uleb128 0x8
 1352 00bd D7000000 		.4byte	.LASF13
 1353 00c1 03       		.byte	0x3
 1354 00c2 C0       		.byte	0xc0
 1355 00c3 CD000000 		.4byte	0xcd
 1356 00c7 05       		.uleb128 0x5
 1357 00c8 03       		.byte	0x3
 1358 00c9 00000000 		.4byte	cy_meta_custnvl
 1359 00cd 07       		.uleb128 0x7
 1360 00ce AC000000 		.4byte	0xac
 1361 00d2 08       		.uleb128 0x8
 1362 00d3 9E010000 		.4byte	.LASF14
 1363 00d7 03       		.byte	0x3
 1364 00d8 CE       		.byte	0xce
ARM GAS  C:\Users\Asus\AppData\Local\Temp\ccg4AV96.s 			page 25


 1365 00d9 E3000000 		.4byte	0xe3
 1366 00dd 05       		.uleb128 0x5
 1367 00de 03       		.byte	0x3
 1368 00df 00000000 		.4byte	cy_meta_wonvl
 1369 00e3 07       		.uleb128 0x7
 1370 00e4 AC000000 		.4byte	0xac
 1371 00e8 05       		.uleb128 0x5
 1372 00e9 91000000 		.4byte	0x91
 1373 00ed F8000000 		.4byte	0xf8
 1374 00f1 09       		.uleb128 0x9
 1375 00f2 8A000000 		.4byte	0x8a
 1376 00f6 FF       		.byte	0xff
 1377 00f7 00       		.byte	0
 1378 00f8 08       		.uleb128 0x8
 1379 00f9 25010000 		.4byte	.LASF15
 1380 00fd 03       		.byte	0x3
 1381 00fe DC       		.byte	0xdc
 1382 00ff 09010000 		.4byte	0x109
 1383 0103 05       		.uleb128 0x5
 1384 0104 03       		.byte	0x3
 1385 0105 00000000 		.4byte	cy_meta_flashprotect
 1386 0109 07       		.uleb128 0x7
 1387 010a E8000000 		.4byte	0xe8
 1388 010e 05       		.uleb128 0x5
 1389 010f 91000000 		.4byte	0x91
 1390 0113 1E010000 		.4byte	0x11e
 1391 0117 09       		.uleb128 0x9
 1392 0118 8A000000 		.4byte	0x8a
 1393 011c 0B       		.byte	0xb
 1394 011d 00       		.byte	0
 1395 011e 0A       		.uleb128 0xa
 1396 011f 0A000000 		.4byte	.LASF16
 1397 0123 03       		.byte	0x3
 1398 0124 0901     		.2byte	0x109
 1399 0126 30010000 		.4byte	0x130
 1400 012a 05       		.uleb128 0x5
 1401 012b 03       		.byte	0x3
 1402 012c 00000000 		.4byte	cy_metadata
 1403 0130 07       		.uleb128 0x7
 1404 0131 0E010000 		.4byte	0x10e
 1405 0135 00       		.byte	0
 1406              		.section	.debug_abbrev,"",%progbits
 1407              	.Ldebug_abbrev0:
 1408 0000 01       		.uleb128 0x1
 1409 0001 11       		.uleb128 0x11
 1410 0002 01       		.byte	0x1
 1411 0003 25       		.uleb128 0x25
 1412 0004 0E       		.uleb128 0xe
 1413 0005 13       		.uleb128 0x13
 1414 0006 0B       		.uleb128 0xb
 1415 0007 03       		.uleb128 0x3
 1416 0008 0E       		.uleb128 0xe
 1417 0009 1B       		.uleb128 0x1b
 1418 000a 0E       		.uleb128 0xe
 1419 000b 10       		.uleb128 0x10
 1420 000c 17       		.uleb128 0x17
 1421 000d 00       		.byte	0
ARM GAS  C:\Users\Asus\AppData\Local\Temp\ccg4AV96.s 			page 26


 1422 000e 00       		.byte	0
 1423 000f 02       		.uleb128 0x2
 1424 0010 24       		.uleb128 0x24
 1425 0011 00       		.byte	0
 1426 0012 0B       		.uleb128 0xb
 1427 0013 0B       		.uleb128 0xb
 1428 0014 3E       		.uleb128 0x3e
 1429 0015 0B       		.uleb128 0xb
 1430 0016 03       		.uleb128 0x3
 1431 0017 0E       		.uleb128 0xe
 1432 0018 00       		.byte	0
 1433 0019 00       		.byte	0
 1434 001a 03       		.uleb128 0x3
 1435 001b 16       		.uleb128 0x16
 1436 001c 00       		.byte	0
 1437 001d 03       		.uleb128 0x3
 1438 001e 0E       		.uleb128 0xe
 1439 001f 3A       		.uleb128 0x3a
 1440 0020 0B       		.uleb128 0xb
 1441 0021 3B       		.uleb128 0x3b
 1442 0022 0B       		.uleb128 0xb
 1443 0023 49       		.uleb128 0x49
 1444 0024 13       		.uleb128 0x13
 1445 0025 00       		.byte	0
 1446 0026 00       		.byte	0
 1447 0027 04       		.uleb128 0x4
 1448 0028 24       		.uleb128 0x24
 1449 0029 00       		.byte	0
 1450 002a 0B       		.uleb128 0xb
 1451 002b 0B       		.uleb128 0xb
 1452 002c 3E       		.uleb128 0x3e
 1453 002d 0B       		.uleb128 0xb
 1454 002e 03       		.uleb128 0x3
 1455 002f 08       		.uleb128 0x8
 1456 0030 00       		.byte	0
 1457 0031 00       		.byte	0
 1458 0032 05       		.uleb128 0x5
 1459 0033 01       		.uleb128 0x1
 1460 0034 01       		.byte	0x1
 1461 0035 49       		.uleb128 0x49
 1462 0036 13       		.uleb128 0x13
 1463 0037 01       		.uleb128 0x1
 1464 0038 13       		.uleb128 0x13
 1465 0039 00       		.byte	0
 1466 003a 00       		.byte	0
 1467 003b 06       		.uleb128 0x6
 1468 003c 21       		.uleb128 0x21
 1469 003d 00       		.byte	0
 1470 003e 49       		.uleb128 0x49
 1471 003f 13       		.uleb128 0x13
 1472 0040 2F       		.uleb128 0x2f
 1473 0041 05       		.uleb128 0x5
 1474 0042 00       		.byte	0
 1475 0043 00       		.byte	0
 1476 0044 07       		.uleb128 0x7
 1477 0045 26       		.uleb128 0x26
 1478 0046 00       		.byte	0
ARM GAS  C:\Users\Asus\AppData\Local\Temp\ccg4AV96.s 			page 27


 1479 0047 49       		.uleb128 0x49
 1480 0048 13       		.uleb128 0x13
 1481 0049 00       		.byte	0
 1482 004a 00       		.byte	0
 1483 004b 08       		.uleb128 0x8
 1484 004c 34       		.uleb128 0x34
 1485 004d 00       		.byte	0
 1486 004e 03       		.uleb128 0x3
 1487 004f 0E       		.uleb128 0xe
 1488 0050 3A       		.uleb128 0x3a
 1489 0051 0B       		.uleb128 0xb
 1490 0052 3B       		.uleb128 0x3b
 1491 0053 0B       		.uleb128 0xb
 1492 0054 49       		.uleb128 0x49
 1493 0055 13       		.uleb128 0x13
 1494 0056 3F       		.uleb128 0x3f
 1495 0057 19       		.uleb128 0x19
 1496 0058 02       		.uleb128 0x2
 1497 0059 18       		.uleb128 0x18
 1498 005a 00       		.byte	0
 1499 005b 00       		.byte	0
 1500 005c 09       		.uleb128 0x9
 1501 005d 21       		.uleb128 0x21
 1502 005e 00       		.byte	0
 1503 005f 49       		.uleb128 0x49
 1504 0060 13       		.uleb128 0x13
 1505 0061 2F       		.uleb128 0x2f
 1506 0062 0B       		.uleb128 0xb
 1507 0063 00       		.byte	0
 1508 0064 00       		.byte	0
 1509 0065 0A       		.uleb128 0xa
 1510 0066 34       		.uleb128 0x34
 1511 0067 00       		.byte	0
 1512 0068 03       		.uleb128 0x3
 1513 0069 0E       		.uleb128 0xe
 1514 006a 3A       		.uleb128 0x3a
 1515 006b 0B       		.uleb128 0xb
 1516 006c 3B       		.uleb128 0x3b
 1517 006d 05       		.uleb128 0x5
 1518 006e 49       		.uleb128 0x49
 1519 006f 13       		.uleb128 0x13
 1520 0070 3F       		.uleb128 0x3f
 1521 0071 19       		.uleb128 0x19
 1522 0072 02       		.uleb128 0x2
 1523 0073 18       		.uleb128 0x18
 1524 0074 00       		.byte	0
 1525 0075 00       		.byte	0
 1526 0076 00       		.byte	0
 1527              		.section	.debug_aranges,"",%progbits
 1528 0000 14000000 		.4byte	0x14
 1529 0004 0200     		.2byte	0x2
 1530 0006 00000000 		.4byte	.Ldebug_info0
 1531 000a 04       		.byte	0x4
 1532 000b 00       		.byte	0
 1533 000c 0000     		.2byte	0
 1534 000e 0000     		.2byte	0
 1535 0010 00000000 		.4byte	0
ARM GAS  C:\Users\Asus\AppData\Local\Temp\ccg4AV96.s 			page 28


 1536 0014 00000000 		.4byte	0
 1537              		.section	.debug_line,"",%progbits
 1538              	.Ldebug_line0:
 1539 0000 3D010000 		.section	.debug_str,"MS",%progbits,1
 1539      02003701 
 1539      00000201 
 1539      FB0E0D00 
 1539      01010101 
 1540              	.LASF9:
 1541 0000 5F5F7569 		.ascii	"__uint8_t\000"
 1541      6E74385F 
 1541      7400
 1542              	.LASF16:
 1543 000a 63795F6D 		.ascii	"cy_metadata\000"
 1543      65746164 
 1543      61746100 
 1544              	.LASF1:
 1545 0016 756E7369 		.ascii	"unsigned char\000"
 1545      676E6564 
 1545      20636861 
 1545      7200
 1546              	.LASF17:
 1547 0024 474E5520 		.ascii	"GNU C11 5.4.1 20160609 (release) [ARM/embedded-5-br"
 1547      43313120 
 1547      352E342E 
 1547      31203230 
 1547      31363036 
 1548 0057 616E6368 		.ascii	"anch revision 237715] -mcpu=cortex-m3 -mthumb -g -O"
 1548      20726576 
 1548      6973696F 
 1548      6E203233 
 1548      37373135 
 1549 008a 67202D66 		.ascii	"g -ffunction-sections -ffat-lto-objects\000"
 1549      66756E63 
 1549      74696F6E 
 1549      2D736563 
 1549      74696F6E 
 1550              	.LASF5:
 1551 00b2 6C6F6E67 		.ascii	"long unsigned int\000"
 1551      20756E73 
 1551      69676E65 
 1551      6420696E 
 1551      7400
 1552              	.LASF3:
 1553 00c4 73686F72 		.ascii	"short unsigned int\000"
 1553      7420756E 
 1553      7369676E 
 1553      65642069 
 1553      6E7400
 1554              	.LASF13:
 1555 00d7 63795F6D 		.ascii	"cy_meta_custnvl\000"
 1555      6574615F 
 1555      63757374 
 1555      6E766C00 
 1556              	.LASF12:
 1557 00e7 63795F6D 		.ascii	"cy_meta_configecc\000"
 1557      6574615F 
ARM GAS  C:\Users\Asus\AppData\Local\Temp\ccg4AV96.s 			page 29


 1557      636F6E66 
 1557      69676563 
 1557      6300
 1558              	.LASF8:
 1559 00f9 756E7369 		.ascii	"unsigned int\000"
 1559      676E6564 
 1559      20696E74 
 1559      00
 1560              	.LASF7:
 1561 0106 6C6F6E67 		.ascii	"long long unsigned int\000"
 1561      206C6F6E 
 1561      6720756E 
 1561      7369676E 
 1561      65642069 
 1562              	.LASF10:
 1563 011d 75696E74 		.ascii	"uint8_t\000"
 1563      385F7400 
 1564              	.LASF15:
 1565 0125 63795F6D 		.ascii	"cy_meta_flashprotect\000"
 1565      6574615F 
 1565      666C6173 
 1565      6870726F 
 1565      74656374 
 1566              	.LASF19:
 1567 013a 433A5C55 		.ascii	"C:\\Users\\Asus\\Desktop\\HDA\\Semester_2\\SDHD\\La"
 1567      73657273 
 1567      5C417375 
 1567      735C4465 
 1567      736B746F 
 1568 0166 625C5344 		.ascii	"b\\SDHD_Lab5\\Software\\Lab03_Lab04\\Motion_Detecti"
 1568      48445F4C 
 1568      6162355C 
 1568      536F6674 
 1568      77617265 
 1569 0195 6F6E2E63 		.ascii	"on.cydsn\000"
 1569      7964736E 
 1569      00
 1570              	.LASF14:
 1571 019e 63795F6D 		.ascii	"cy_meta_wonvl\000"
 1571      6574615F 
 1571      776F6E76 
 1571      6C00
 1572              	.LASF11:
 1573 01ac 73697A65 		.ascii	"sizetype\000"
 1573      74797065 
 1573      00
 1574              	.LASF6:
 1575 01b5 6C6F6E67 		.ascii	"long long int\000"
 1575      206C6F6E 
 1575      6720696E 
 1575      7400
 1576              	.LASF2:
 1577 01c3 73686F72 		.ascii	"short int\000"
 1577      7420696E 
 1577      7400
 1578              	.LASF4:
 1579 01cd 6C6F6E67 		.ascii	"long int\000"
ARM GAS  C:\Users\Asus\AppData\Local\Temp\ccg4AV96.s 			page 30


 1579      20696E74 
 1579      00
 1580              	.LASF0:
 1581 01d6 7369676E 		.ascii	"signed char\000"
 1581      65642063 
 1581      68617200 
 1582              	.LASF18:
 1583 01e2 47656E65 		.ascii	"Generated_Source\\PSoC5\\cymetadata.c\000"
 1583      72617465 
 1583      645F536F 
 1583      75726365 
 1583      5C50536F 
 1584              		.ident	"GCC: (GNU Tools for ARM Embedded Processors) 5.4.1 20160609 (release) [ARM/embedded-5-bran
