ARM GAS  C:\Users\Asus\AppData\Local\Temp\ccZsGFdl.s 			page 1


   1              		.syntax unified
   2              		.cpu cortex-m3
   3              		.fpu softvfp
   4              		.eabi_attribute 20, 1
   5              		.eabi_attribute 21, 1
   6              		.eabi_attribute 23, 3
   7              		.eabi_attribute 24, 1
   8              		.eabi_attribute 25, 1
   9              		.eabi_attribute 26, 1
  10              		.eabi_attribute 30, 1
  11              		.eabi_attribute 34, 1
  12              		.eabi_attribute 18, 4
  13              		.thumb
  14              		.syntax unified
  15              		.file	"main.c"
  16              		.text
  17              	.Ltext0:
  18              		.cfi_sections	.debug_frame
  19              		.section	.text.isr_button,"ax",%progbits
  20              		.align	2
  21              		.global	isr_button
  22              		.thumb
  23              		.thumb_func
  24              		.type	isr_button, %function
  25              	isr_button:
  26              	.LFB121:
  27              		.file 1 "main.c"
   1:main.c        **** /* ========================================
   2:main.c        ****  *
   3:main.c        ****  * Copyright YOUR COMPANY, THE YEAR
   4:main.c        ****  * All Rights Reserved
   5:main.c        ****  * UNPUBLISHED, LICENSED SOFTWARE.
   6:main.c        ****  *
   7:main.c        ****  * CONFIDENTIAL AND PROPRIETARY INFORMATION
   8:main.c        ****  * WHICH IS THE PROPERTY OF your company.
   9:main.c        ****  *
  10:main.c        ****  * ========================================
  11:main.c        **** */
  12:main.c        **** #include "project.h"
  13:main.c        **** #include "fft_application.h" //Including FFT Library
  14:main.c        **** #define SAMPLES = 1024;  //Transmitting 1024 samples
  15:main.c        **** int32 fft_array[2*1024] = {0}; //FFT Array containing 1024*2 = 2048 samples from FFT Calculation
  16:main.c        **** 
  17:main.c        **** CY_ISR_PROTO(isr_button); //ISR declaration for Push_Button
  18:main.c        **** CY_ISR_PROTO(isr_rx); //ISR declaration for UART-rx
  19:main.c        **** 
  20:main.c        **** typedef enum
  21:main.c        **** {
  22:main.c        ****     IDLE,
  23:main.c        ****     SAMPLING,
  24:main.c        ****     TRANSFER
  25:main.c        **** } State;  //Enum variables declaration for three states
  26:main.c        **** State Currentstate = IDLE; //Initial state: IDLE State
  27:main.c        **** 
  28:main.c        **** static uint8_t count =0; 
  29:main.c        **** uint16_t ADC_Output;
  30:main.c        **** uint16_t SamplingArray[1024] = {0};
ARM GAS  C:\Users\Asus\AppData\Local\Temp\ccZsGFdl.s 			page 2


  31:main.c        **** uint8_t push_button_flag = 0;
  32:main.c        **** uint8_t uart_rx_sflag = 0;
  33:main.c        **** uint8_t uart_rx_oflag = 0;
  34:main.c        **** void statemachine(); //Function Declaration of State Machine
  35:main.c        **** 
  36:main.c        **** int main(void)
  37:main.c        **** {
  38:main.c        ****     CyGlobalIntEnable; /* Enable global interrupts. */
  39:main.c        ****     //Initialisation of ISR + Drivers
  40:main.c        ****     isr_Button_StartEx(isr_button);
  41:main.c        ****     isr_rx_StartEx(isr_rx);
  42:main.c        ****     UART_1_Start(); 
  43:main.c        ****     WaveDAC8_1_Start(); 
  44:main.c        ****     ADC_DelSig_1_Start(); 
  45:main.c        ****     for(;;)
  46:main.c        ****     {
  47:main.c        ****         statemachine(); //This will call the function statemachine
  48:main.c        ****     }
  49:main.c        **** }
  50:main.c        **** 
  51:main.c        **** /*
  52:main.c        **** Function: Statemachine Logic
  53:main.c        **** (1) It implements a statemachine logic
  54:main.c        **** (2) Three states: Idle,Sampling and Transfer state
  55:main.c        **** */
  56:main.c        **** void statemachine()
  57:main.c        **** {
  58:main.c        ****     switch (Currentstate)
  59:main.c        ****     {
  60:main.c        ****         //IDLE State: Count =0. State changes to 'SAMPLING' if push_button is pressed (flag set via
  61:main.c        ****         case IDLE:
  62:main.c        ****         {
  63:main.c        ****             Red_LED_Write(1);  //Red LED indicating User is at IDLE State
  64:main.c        ****             Yellow_LED_Write(0);
  65:main.c        ****             Green_LED_Write(0);
  66:main.c        ****             count = 0;
  67:main.c        ****             if (push_button_flag ==1)
  68:main.c        ****             {
  69:main.c        ****                 push_button_flag = 0;
  70:main.c        ****                 Currentstate = SAMPLING;
  71:main.c        ****             }
  72:main.c        ****             break;
  73:main.c        ****         }
  74:main.c        ****         
  75:main.c        ****         /*
  76:main.c        ****         SAMPLING State:
  77:main.c        ****             - Collect 1024 (each 16 bits) sample from ADC and store in Array
  78:main.c        ****             - If sampling finished and 's' is received from MATLAB via UART then State changes to '
  79:main.c        ****             - If no 's' is received, state continues
  80:main.c        ****         */
  81:main.c        ****         case SAMPLING:
  82:main.c        ****         {
  83:main.c        ****             Red_LED_Write(0);
  84:main.c        ****             Yellow_LED_Write(1); //Yellow LED indicating User is at SAMPLING State
  85:main.c        ****             Green_LED_Write(0);
  86:main.c        ****             // Initialising SamplingArray to 0
  87:main.c        ****             for (int i = 0; i < 1024; i++) 
ARM GAS  C:\Users\Asus\AppData\Local\Temp\ccZsGFdl.s 			page 3


  88:main.c        ****                 {
  89:main.c        ****                     SamplingArray[i] = 0;
  90:main.c        ****                 }
  91:main.c        ****             //Sampling Starts
  92:main.c        ****             ADC_DelSig_1_StartConvert();
  93:main.c        ****             for (int sample_count =0; sample_count<1024; sample_count++)
  94:main.c        ****             {
  95:main.c        ****                 ADC_Output = (uint16_t)ADC_DelSig_1_Read32(); //Getting results from ADC
  96:main.c        ****                 SamplingArray[sample_count] = ADC_Output; //Storing results to Array
  97:main.c        ****             }
  98:main.c        ****             //Sampling Ends
  99:main.c        ****             //Getting and checking for 's' character from MATLAB via UART            
 100:main.c        ****             if (uart_rx_sflag ==1)
 101:main.c        ****             {
 102:main.c        ****                 uart_rx_sflag =0;  //reset sflag of uart_rx
 103:main.c        ****                 Currentstate = TRANSFER;
 104:main.c        ****             }
 105:main.c        ****             break;
 106:main.c        ****             
 107:main.c        ****         }
 108:main.c        ****         /*
 109:main.c        ****         TRANSFER STATE:
 110:main.c        ****             -Transfer 1024 samples from Array to MATLAB via UART and Increment count
 111:main.c        ****             -Receive "o" 
 112:main.c        ****                 count <10 : State Transition > SAMPLING
 113:main.c        ****                 count ==10 : State Transition > TRANSFER
 114:main.c        ****         */           
 115:main.c        ****         case TRANSFER:
 116:main.c        ****         {
 117:main.c        ****             Red_LED_Write(0);
 118:main.c        ****             Yellow_LED_Write(0);
 119:main.c        ****             Green_LED_Write(1);   //Green LED indicating User is at TRANSFER State
 120:main.c        ****             //Transfering ADC Sample to MATLAB via UART for FFT Calculation
 121:main.c        ****             
 122:main.c        ****             for (int send_count =0; send_count<1024; send_count++)
 123:main.c        ****             {
 124:main.c        ****                 //Since UART transmits only 8 bits , conversion for 16 bits 
 125:main.c        ****                 uint8 lower8bits = SamplingArray[send_count]& 0xFF; //lower 8 bits >> Bitwise AND o
 126:main.c        ****                 UART_1_PutChar(lower8bits);
 127:main.c        ****                 
 128:main.c        ****                 uint8 higher8bits = (SamplingArray[send_count]>>8)& 0xFF; //Higher 8 bits >> Right 
 129:main.c        ****                 UART_1_PutChar(higher8bits);
 130:main.c        ****             }
 131:main.c        ****             //Transfer Ends
 132:main.c        ****             
 133:main.c        ****             //FFT Calculation via PSOC Library:
 134:main.c        ****             fft_app(SamplingArray,fft_array,1024);
 135:main.c        ****             //Transfering FFT Calculated data to MATLAB
 136:main.c        ****             
 137:main.c        ****             for (int i = 0; i<2048;i++)
 138:main.c        ****             {
 139:main.c        ****                 UART_1_PutChar(fft_array[i]);  //Transferring lowest byte
 140:main.c        ****                 UART_1_PutChar(fft_array[i] >> 8); //Transferring second lowest byte
 141:main.c        ****                 UART_1_PutChar(fft_array[i] >> 16);//Transferring third lowest byte
 142:main.c        ****                 UART_1_PutChar(fft_array[i] >> 24);//Transferring highest byte
 143:main.c        ****             }
 144:main.c        ****             //Transfer Ends
ARM GAS  C:\Users\Asus\AppData\Local\Temp\ccZsGFdl.s 			page 4


 145:main.c        ****             count++;
 146:main.c        ****             //Getting and checking for 'o' character from MATLAB via UART ans  
 147:main.c        ****             //count <10 : SAMPLING State else count ==10 : IDLE State
 148:main.c        ****             if (uart_rx_oflag ==1 && count <10)
 149:main.c        ****             {
 150:main.c        ****                 uart_rx_oflag = 0;
 151:main.c        ****                 Currentstate = SAMPLING;
 152:main.c        ****             }
 153:main.c        ****             else if (uart_rx_oflag ==1 && count >=10)
 154:main.c        ****             {
 155:main.c        ****                 uart_rx_oflag = 0;
 156:main.c        ****                 Currentstate = IDLE;
 157:main.c        ****             }
 158:main.c        ****         break;
 159:main.c        ****         }
 160:main.c        ****         default:
 161:main.c        ****         break;
 162:main.c        ****     }
 163:main.c        **** }
 164:main.c        **** 
 165:main.c        **** 
 166:main.c        **** //ISR-Button Logic:
 167:main.c        **** CY_ISR(isr_button)
 168:main.c        **** {
  28              		.loc 1 168 0
  29              		.cfi_startproc
  30              		@ args = 0, pretend = 0, frame = 0
  31              		@ frame_needed = 0, uses_anonymous_args = 0
  32              		@ link register save eliminated.
 169:main.c        ****     push_button_flag =1;
  33              		.loc 1 169 0
  34 0000 0122     		movs	r2, #1
  35 0002 014B     		ldr	r3, .L2
  36 0004 1A70     		strb	r2, [r3]
  37 0006 7047     		bx	lr
  38              	.L3:
  39              		.align	2
  40              	.L2:
  41 0008 00000000 		.word	.LANCHOR0
  42              		.cfi_endproc
  43              	.LFE121:
  44              		.size	isr_button, .-isr_button
  45              		.section	.text.isr_rx,"ax",%progbits
  46              		.align	2
  47              		.global	isr_rx
  48              		.thumb
  49              		.thumb_func
  50              		.type	isr_rx, %function
  51              	isr_rx:
  52              	.LFB122:
 170:main.c        **** }
 171:main.c        **** //ISR-UART Logic:
 172:main.c        **** CY_ISR(isr_rx)
 173:main.c        **** {
  53              		.loc 1 173 0
  54              		.cfi_startproc
  55              		@ args = 0, pretend = 0, frame = 0
ARM GAS  C:\Users\Asus\AppData\Local\Temp\ccZsGFdl.s 			page 5


  56              		@ frame_needed = 0, uses_anonymous_args = 0
  57 0000 08B5     		push	{r3, lr}
  58              		.cfi_def_cfa_offset 8
  59              		.cfi_offset 3, -8
  60              		.cfi_offset 14, -4
 174:main.c        ****     uint8_t character = UART_1_GetChar();
  61              		.loc 1 174 0
  62 0002 FFF7FEFF 		bl	UART_1_GetChar
  63              	.LVL0:
 175:main.c        ****     if (character == 's')
  64              		.loc 1 175 0
  65 0006 7328     		cmp	r0, #115
  66 0008 03D1     		bne	.L5
 176:main.c        ****     {
 177:main.c        ****         uart_rx_sflag =1;
  67              		.loc 1 177 0
  68 000a 0122     		movs	r2, #1
  69 000c 044B     		ldr	r3, .L8
  70 000e 5A70     		strb	r2, [r3, #1]
  71              	.LVL1:
  72 0010 08BD     		pop	{r3, pc}
  73              	.LVL2:
  74              	.L5:
 178:main.c        ****         character = '\0';
 179:main.c        ****     }
 180:main.c        ****     else if (character == 'o')
  75              		.loc 1 180 0
  76 0012 6F28     		cmp	r0, #111
  77 0014 02D1     		bne	.L4
 181:main.c        ****     {
 182:main.c        ****         uart_rx_oflag =1;
  78              		.loc 1 182 0
  79 0016 0122     		movs	r2, #1
  80 0018 014B     		ldr	r3, .L8
  81 001a 9A70     		strb	r2, [r3, #2]
  82              	.LVL3:
  83              	.L4:
  84 001c 08BD     		pop	{r3, pc}
  85              	.L9:
  86 001e 00BF     		.align	2
  87              	.L8:
  88 0020 00000000 		.word	.LANCHOR0
  89              		.cfi_endproc
  90              	.LFE122:
  91              		.size	isr_rx, .-isr_rx
  92              		.section	.text.statemachine,"ax",%progbits
  93              		.align	2
  94              		.global	statemachine
  95              		.thumb
  96              		.thumb_func
  97              		.type	statemachine, %function
  98              	statemachine:
  99              	.LFB120:
  57:main.c        ****     switch (Currentstate)
 100              		.loc 1 57 0
 101              		.cfi_startproc
 102              		@ args = 0, pretend = 0, frame = 0
ARM GAS  C:\Users\Asus\AppData\Local\Temp\ccZsGFdl.s 			page 6


 103              		@ frame_needed = 0, uses_anonymous_args = 0
 104 0000 38B5     		push	{r3, r4, r5, lr}
 105              		.cfi_def_cfa_offset 16
 106              		.cfi_offset 3, -16
 107              		.cfi_offset 4, -12
 108              		.cfi_offset 5, -8
 109              		.cfi_offset 14, -4
  58:main.c        ****     {
 110              		.loc 1 58 0
 111 0002 4F4B     		ldr	r3, .L25
 112 0004 DB78     		ldrb	r3, [r3, #3]	@ zero_extendqisi2
 113 0006 012B     		cmp	r3, #1
 114 0008 18D0     		beq	.L12
 115 000a 13B1     		cbz	r3, .L13
 116 000c 022B     		cmp	r3, #2
 117 000e 44D0     		beq	.L14
 118 0010 38BD     		pop	{r3, r4, r5, pc}
 119              	.L13:
  63:main.c        ****             Yellow_LED_Write(0);
 120              		.loc 1 63 0
 121 0012 0120     		movs	r0, #1
 122 0014 FFF7FEFF 		bl	Red_LED_Write
 123              	.LVL4:
  64:main.c        ****             Green_LED_Write(0);
 124              		.loc 1 64 0
 125 0018 0020     		movs	r0, #0
 126 001a FFF7FEFF 		bl	Yellow_LED_Write
 127              	.LVL5:
  65:main.c        ****             count = 0;
 128              		.loc 1 65 0
 129 001e 0020     		movs	r0, #0
 130 0020 FFF7FEFF 		bl	Green_LED_Write
 131              	.LVL6:
  66:main.c        ****             if (push_button_flag ==1)
 132              		.loc 1 66 0
 133 0024 464B     		ldr	r3, .L25
 134 0026 0022     		movs	r2, #0
 135 0028 1A71     		strb	r2, [r3, #4]
  67:main.c        ****             {
 136              		.loc 1 67 0
 137 002a 1B78     		ldrb	r3, [r3]	@ zero_extendqisi2
 138 002c 012B     		cmp	r3, #1
 139 002e 40F08680 		bne	.L10
  69:main.c        ****                 Currentstate = SAMPLING;
 140              		.loc 1 69 0
 141 0032 434B     		ldr	r3, .L25
 142 0034 1A70     		strb	r2, [r3]
  70:main.c        ****             }
 143              		.loc 1 70 0
 144 0036 0122     		movs	r2, #1
 145 0038 DA70     		strb	r2, [r3, #3]
 146 003a 38BD     		pop	{r3, r4, r5, pc}
 147              	.L12:
  83:main.c        ****             Yellow_LED_Write(1); //Yellow LED indicating User is at SAMPLING State
 148              		.loc 1 83 0
 149 003c 0020     		movs	r0, #0
 150 003e FFF7FEFF 		bl	Red_LED_Write
ARM GAS  C:\Users\Asus\AppData\Local\Temp\ccZsGFdl.s 			page 7


 151              	.LVL7:
  84:main.c        ****             Green_LED_Write(0);
 152              		.loc 1 84 0
 153 0042 0120     		movs	r0, #1
 154 0044 FFF7FEFF 		bl	Yellow_LED_Write
 155              	.LVL8:
  85:main.c        ****             // Initialising SamplingArray to 0
 156              		.loc 1 85 0
 157 0048 0020     		movs	r0, #0
 158 004a FFF7FEFF 		bl	Green_LED_Write
 159              	.LVL9:
 160              	.LBB2:
  87:main.c        ****                 {
 161              		.loc 1 87 0
 162 004e 0023     		movs	r3, #0
 163 0050 05E0     		b	.L15
 164              	.LVL10:
 165              	.L16:
  89:main.c        ****                 }
 166              		.loc 1 89 0 discriminator 3
 167 0052 3B4A     		ldr	r2, .L25
 168 0054 02EB4302 		add	r2, r2, r3, lsl #1
 169 0058 0021     		movs	r1, #0
 170 005a 1181     		strh	r1, [r2, #8]	@ movhi
  87:main.c        ****                 {
 171              		.loc 1 87 0 discriminator 3
 172 005c 0133     		adds	r3, r3, #1
 173              	.LVL11:
 174              	.L15:
  87:main.c        ****                 {
 175              		.loc 1 87 0 is_stmt 0 discriminator 1
 176 005e B3F5806F 		cmp	r3, #1024
 177 0062 F6DB     		blt	.L16
 178              	.LBE2:
  92:main.c        ****             for (int sample_count =0; sample_count<1024; sample_count++)
 179              		.loc 1 92 0 is_stmt 1
 180 0064 FFF7FEFF 		bl	ADC_DelSig_1_StartConvert
 181              	.LVL12:
 182              	.LBB3:
  93:main.c        ****             {
 183              		.loc 1 93 0
 184 0068 0024     		movs	r4, #0
 185 006a 09E0     		b	.L17
 186              	.LVL13:
 187              	.L18:
  95:main.c        ****                 SamplingArray[sample_count] = ADC_Output; //Storing results to Array
 188              		.loc 1 95 0 discriminator 3
 189 006c FFF7FEFF 		bl	ADC_DelSig_1_Read32
 190              	.LVL14:
 191 0070 80B2     		uxth	r0, r0
 192 0072 344B     		ldr	r3, .L25+4
 193 0074 1880     		strh	r0, [r3]	@ movhi
  96:main.c        ****             }
 194              		.loc 1 96 0 discriminator 3
 195 0076 324B     		ldr	r3, .L25
 196 0078 03EB4403 		add	r3, r3, r4, lsl #1
 197 007c 1881     		strh	r0, [r3, #8]	@ movhi
ARM GAS  C:\Users\Asus\AppData\Local\Temp\ccZsGFdl.s 			page 8


  93:main.c        ****             {
 198              		.loc 1 93 0 discriminator 3
 199 007e 0134     		adds	r4, r4, #1
 200              	.LVL15:
 201              	.L17:
  93:main.c        ****             {
 202              		.loc 1 93 0 is_stmt 0 discriminator 1
 203 0080 B4F5806F 		cmp	r4, #1024
 204 0084 F2DB     		blt	.L18
 205              	.LBE3:
 100:main.c        ****             {
 206              		.loc 1 100 0 is_stmt 1
 207 0086 2E4B     		ldr	r3, .L25
 208 0088 5B78     		ldrb	r3, [r3, #1]	@ zero_extendqisi2
 209 008a 012B     		cmp	r3, #1
 210 008c 57D1     		bne	.L10
 102:main.c        ****                 Currentstate = TRANSFER;
 211              		.loc 1 102 0
 212 008e 2C4B     		ldr	r3, .L25
 213 0090 0022     		movs	r2, #0
 214 0092 5A70     		strb	r2, [r3, #1]
 103:main.c        ****             }
 215              		.loc 1 103 0
 216 0094 0222     		movs	r2, #2
 217 0096 DA70     		strb	r2, [r3, #3]
 218 0098 38BD     		pop	{r3, r4, r5, pc}
 219              	.LVL16:
 220              	.L14:
 117:main.c        ****             Yellow_LED_Write(0);
 221              		.loc 1 117 0
 222 009a 0020     		movs	r0, #0
 223 009c FFF7FEFF 		bl	Red_LED_Write
 224              	.LVL17:
 118:main.c        ****             Green_LED_Write(1);   //Green LED indicating User is at TRANSFER State
 225              		.loc 1 118 0
 226 00a0 0020     		movs	r0, #0
 227 00a2 FFF7FEFF 		bl	Yellow_LED_Write
 228              	.LVL18:
 119:main.c        ****             //Transfering ADC Sample to MATLAB via UART for FFT Calculation
 229              		.loc 1 119 0
 230 00a6 0120     		movs	r0, #1
 231 00a8 FFF7FEFF 		bl	Green_LED_Write
 232              	.LVL19:
 233              	.LBB4:
 122:main.c        ****             {
 234              		.loc 1 122 0
 235 00ac 0025     		movs	r5, #0
 236 00ae 0AE0     		b	.L19
 237              	.LVL20:
 238              	.L20:
 239              	.LBB5:
 125:main.c        ****                 UART_1_PutChar(lower8bits);
 240              		.loc 1 125 0 discriminator 3
 241 00b0 234C     		ldr	r4, .L25
 242 00b2 04EB4504 		add	r4, r4, r5, lsl #1
 243              	.LVL21:
 126:main.c        ****                 
ARM GAS  C:\Users\Asus\AppData\Local\Temp\ccZsGFdl.s 			page 9


 244              		.loc 1 126 0 discriminator 3
 245 00b6 207A     		ldrb	r0, [r4, #8]	@ zero_extendqisi2
 246 00b8 FFF7FEFF 		bl	UART_1_PutChar
 247              	.LVL22:
 128:main.c        ****                 UART_1_PutChar(higher8bits);
 248              		.loc 1 128 0 discriminator 3
 249 00bc 2089     		ldrh	r0, [r4, #8]
 250              	.LVL23:
 129:main.c        ****             }
 251              		.loc 1 129 0 discriminator 3
 252 00be 000A     		lsrs	r0, r0, #8
 253              	.LVL24:
 254 00c0 FFF7FEFF 		bl	UART_1_PutChar
 255              	.LVL25:
 256              	.LBE5:
 122:main.c        ****             {
 257              		.loc 1 122 0 discriminator 3
 258 00c4 0135     		adds	r5, r5, #1
 259              	.LVL26:
 260              	.L19:
 122:main.c        ****             {
 261              		.loc 1 122 0 is_stmt 0 discriminator 1
 262 00c6 B5F5806F 		cmp	r5, #1024
 263 00ca F1DB     		blt	.L20
 264              	.LBE4:
 134:main.c        ****             //Transfering FFT Calculated data to MATLAB
 265              		.loc 1 134 0 is_stmt 1
 266 00cc 1C48     		ldr	r0, .L25
 267 00ce 4FF48062 		mov	r2, #1024
 268 00d2 00F60801 		addw	r1, r0, #2056
 269 00d6 0830     		adds	r0, r0, #8
 270 00d8 FFF7FEFF 		bl	fft_app
 271              	.LVL27:
 272              	.LBB6:
 137:main.c        ****             {
 273              		.loc 1 137 0
 274 00dc 0025     		movs	r5, #0
 275              	.LVL28:
 276 00de 13E0     		b	.L21
 277              	.LVL29:
 278              	.L22:
 139:main.c        ****                 UART_1_PutChar(fft_array[i] >> 8); //Transferring second lowest byte
 279              		.loc 1 139 0 discriminator 3
 280 00e0 174C     		ldr	r4, .L25
 281 00e2 04EB8504 		add	r4, r4, r5, lsl #2
 282 00e6 94F80808 		ldrb	r0, [r4, #2056]	@ zero_extendqisi2
 283 00ea FFF7FEFF 		bl	UART_1_PutChar
 284              	.LVL30:
 140:main.c        ****                 UART_1_PutChar(fft_array[i] >> 16);//Transferring third lowest byte
 285              		.loc 1 140 0 discriminator 3
 286 00ee 94F80908 		ldrb	r0, [r4, #2057]	@ zero_extendqisi2
 287 00f2 FFF7FEFF 		bl	UART_1_PutChar
 288              	.LVL31:
 141:main.c        ****                 UART_1_PutChar(fft_array[i] >> 24);//Transferring highest byte
 289              		.loc 1 141 0 discriminator 3
 290 00f6 94F80A08 		ldrb	r0, [r4, #2058]	@ zero_extendqisi2
 291 00fa FFF7FEFF 		bl	UART_1_PutChar
ARM GAS  C:\Users\Asus\AppData\Local\Temp\ccZsGFdl.s 			page 10


 292              	.LVL32:
 142:main.c        ****             }
 293              		.loc 1 142 0 discriminator 3
 294 00fe 94F80B08 		ldrb	r0, [r4, #2059]	@ zero_extendqisi2
 295 0102 FFF7FEFF 		bl	UART_1_PutChar
 296              	.LVL33:
 137:main.c        ****             {
 297              		.loc 1 137 0 discriminator 3
 298 0106 0135     		adds	r5, r5, #1
 299              	.LVL34:
 300              	.L21:
 137:main.c        ****             {
 301              		.loc 1 137 0 is_stmt 0 discriminator 1
 302 0108 B5F5006F 		cmp	r5, #2048
 303 010c E8DB     		blt	.L22
 304              	.LBE6:
 145:main.c        ****             //Getting and checking for 'o' character from MATLAB via UART ans  
 305              		.loc 1 145 0 is_stmt 1
 306 010e 0C4A     		ldr	r2, .L25
 307 0110 1379     		ldrb	r3, [r2, #4]	@ zero_extendqisi2
 308 0112 0133     		adds	r3, r3, #1
 309 0114 DBB2     		uxtb	r3, r3
 310 0116 1371     		strb	r3, [r2, #4]
 148:main.c        ****             {
 311              		.loc 1 148 0
 312 0118 9278     		ldrb	r2, [r2, #2]	@ zero_extendqisi2
 313 011a 012A     		cmp	r2, #1
 314 011c 07D1     		bne	.L23
 148:main.c        ****             {
 315              		.loc 1 148 0 is_stmt 0 discriminator 1
 316 011e 092B     		cmp	r3, #9
 317 0120 05D8     		bhi	.L23
 150:main.c        ****                 Currentstate = SAMPLING;
 318              		.loc 1 150 0 is_stmt 1
 319 0122 074B     		ldr	r3, .L25
 320 0124 0022     		movs	r2, #0
 321 0126 9A70     		strb	r2, [r3, #2]
 151:main.c        ****             }
 322              		.loc 1 151 0
 323 0128 0122     		movs	r2, #1
 324 012a DA70     		strb	r2, [r3, #3]
 325 012c 38BD     		pop	{r3, r4, r5, pc}
 326              	.LVL35:
 327              	.L23:
 153:main.c        ****             {
 328              		.loc 1 153 0
 329 012e 012A     		cmp	r2, #1
 330 0130 05D1     		bne	.L10
 153:main.c        ****             {
 331              		.loc 1 153 0 is_stmt 0 discriminator 1
 332 0132 092B     		cmp	r3, #9
 333 0134 03D9     		bls	.L10
 155:main.c        ****                 Currentstate = IDLE;
 334              		.loc 1 155 0 is_stmt 1
 335 0136 024B     		ldr	r3, .L25
 336 0138 0022     		movs	r2, #0
 337 013a 9A70     		strb	r2, [r3, #2]
ARM GAS  C:\Users\Asus\AppData\Local\Temp\ccZsGFdl.s 			page 11


 156:main.c        ****             }
 338              		.loc 1 156 0
 339 013c DA70     		strb	r2, [r3, #3]
 340              	.LVL36:
 341              	.L10:
 342 013e 38BD     		pop	{r3, r4, r5, pc}
 343              	.L26:
 344              		.align	2
 345              	.L25:
 346 0140 00000000 		.word	.LANCHOR0
 347 0144 00000000 		.word	ADC_Output
 348              		.cfi_endproc
 349              	.LFE120:
 350              		.size	statemachine, .-statemachine
 351              		.section	.text.main,"ax",%progbits
 352              		.align	2
 353              		.global	main
 354              		.thumb
 355              		.thumb_func
 356              		.type	main, %function
 357              	main:
 358              	.LFB119:
  37:main.c        ****     CyGlobalIntEnable; /* Enable global interrupts. */
 359              		.loc 1 37 0
 360              		.cfi_startproc
 361              		@ Volatile: function does not return.
 362              		@ args = 0, pretend = 0, frame = 0
 363              		@ frame_needed = 0, uses_anonymous_args = 0
 364 0000 08B5     		push	{r3, lr}
 365              		.cfi_def_cfa_offset 8
 366              		.cfi_offset 3, -8
 367              		.cfi_offset 14, -4
  38:main.c        ****     //Initialisation of ISR + Drivers
 368              		.loc 1 38 0
 369              		.syntax unified
 370              	@ 38 "main.c" 1
 371 0002 62B6     		CPSIE   i
 372              	@ 0 "" 2
  40:main.c        ****     isr_rx_StartEx(isr_rx);
 373              		.loc 1 40 0
 374              		.thumb
 375              		.syntax unified
 376 0004 0748     		ldr	r0, .L30
 377 0006 FFF7FEFF 		bl	isr_Button_StartEx
 378              	.LVL37:
  41:main.c        ****     UART_1_Start(); 
 379              		.loc 1 41 0
 380 000a 0748     		ldr	r0, .L30+4
 381 000c FFF7FEFF 		bl	isr_rx_StartEx
 382              	.LVL38:
  42:main.c        ****     WaveDAC8_1_Start(); 
 383              		.loc 1 42 0
 384 0010 FFF7FEFF 		bl	UART_1_Start
 385              	.LVL39:
  43:main.c        ****     ADC_DelSig_1_Start(); 
 386              		.loc 1 43 0
 387 0014 FFF7FEFF 		bl	WaveDAC8_1_Start
ARM GAS  C:\Users\Asus\AppData\Local\Temp\ccZsGFdl.s 			page 12


 388              	.LVL40:
  44:main.c        ****     for(;;)
 389              		.loc 1 44 0
 390 0018 FFF7FEFF 		bl	ADC_DelSig_1_Start
 391              	.LVL41:
 392              	.L28:
  47:main.c        ****     }
 393              		.loc 1 47 0 discriminator 1
 394 001c FFF7FEFF 		bl	statemachine
 395              	.LVL42:
 396 0020 FCE7     		b	.L28
 397              	.L31:
 398 0022 00BF     		.align	2
 399              	.L30:
 400 0024 00000000 		.word	isr_button
 401 0028 00000000 		.word	isr_rx
 402              		.cfi_endproc
 403              	.LFE119:
 404              		.size	main, .-main
 405              		.global	uart_rx_oflag
 406              		.global	uart_rx_sflag
 407              		.global	push_button_flag
 408              		.global	SamplingArray
 409              		.comm	ADC_Output,2,2
 410              		.global	Currentstate
 411              		.global	fft_array
 412              		.bss
 413              		.align	2
 414              		.set	.LANCHOR0,. + 0
 415              		.type	push_button_flag, %object
 416              		.size	push_button_flag, 1
 417              	push_button_flag:
 418 0000 00       		.space	1
 419              		.type	uart_rx_sflag, %object
 420              		.size	uart_rx_sflag, 1
 421              	uart_rx_sflag:
 422 0001 00       		.space	1
 423              		.type	uart_rx_oflag, %object
 424              		.size	uart_rx_oflag, 1
 425              	uart_rx_oflag:
 426 0002 00       		.space	1
 427              		.type	Currentstate, %object
 428              		.size	Currentstate, 1
 429              	Currentstate:
 430 0003 00       		.space	1
 431              		.type	count, %object
 432              		.size	count, 1
 433              	count:
 434 0004 00       		.space	1
 435 0005 000000   		.space	3
 436              		.type	SamplingArray, %object
 437              		.size	SamplingArray, 2048
 438              	SamplingArray:
 439 0008 00000000 		.space	2048
 439      00000000 
 439      00000000 
 439      00000000 
ARM GAS  C:\Users\Asus\AppData\Local\Temp\ccZsGFdl.s 			page 13


 439      00000000 
 440              		.type	fft_array, %object
 441              		.size	fft_array, 8192
 442              	fft_array:
 443 0808 00000000 		.space	8192
 443      00000000 
 443      00000000 
 443      00000000 
 443      00000000 
 444              		.text
 445              	.Letext0:
 446              		.file 2 "c:\\program files (x86)\\cypress\\psoc creator\\4.4\\psoc creator\\import\\gnu\\arm\\5.4.
 447              		.file 3 "c:\\program files (x86)\\cypress\\psoc creator\\4.4\\psoc creator\\import\\gnu\\arm\\5.4.
 448              		.file 4 "Generated_Source\\PSoC5/cytypes.h"
 449              		.file 5 "Generated_Source\\PSoC5/core_cm3.h"
 450              		.file 6 "Generated_Source\\PSoC5/UART_1.h"
 451              		.file 7 "Generated_Source\\PSoC5/ADC_DelSig_1.h"
 452              		.file 8 "Generated_Source\\PSoC5/Red_LED.h"
 453              		.file 9 "Generated_Source\\PSoC5/Yellow_LED.h"
 454              		.file 10 "Generated_Source\\PSoC5/Green_LED.h"
 455              		.file 11 "..\\..\\..\\fft_application\\fft_application/fft_application.h"
 456              		.file 12 "Generated_Source\\PSoC5/isr_Button.h"
 457              		.file 13 "Generated_Source\\PSoC5/isr_rx.h"
 458              		.file 14 "Generated_Source\\PSoC5/WaveDAC8_1.h"
 459              		.section	.debug_info,"",%progbits
 460              	.Ldebug_info0:
 461 0000 C8040000 		.4byte	0x4c8
 462 0004 0400     		.2byte	0x4
 463 0006 00000000 		.4byte	.Ldebug_abbrev0
 464 000a 04       		.byte	0x4
 465 000b 01       		.uleb128 0x1
 466 000c E8000000 		.4byte	.LASF53
 467 0010 0C       		.byte	0xc
 468 0011 24030000 		.4byte	.LASF54
 469 0015 89020000 		.4byte	.LASF55
 470 0019 00000000 		.4byte	.Ldebug_ranges0+0
 471 001d 00000000 		.4byte	0
 472 0021 00000000 		.4byte	.Ldebug_line0
 473 0025 02       		.uleb128 0x2
 474 0026 01       		.byte	0x1
 475 0027 06       		.byte	0x6
 476 0028 91030000 		.4byte	.LASF0
 477 002c 03       		.uleb128 0x3
 478 002d 2A000000 		.4byte	.LASF3
 479 0031 02       		.byte	0x2
 480 0032 1D       		.byte	0x1d
 481 0033 37000000 		.4byte	0x37
 482 0037 02       		.uleb128 0x2
 483 0038 01       		.byte	0x1
 484 0039 08       		.byte	0x8
 485 003a C0010000 		.4byte	.LASF1
 486 003e 02       		.uleb128 0x2
 487 003f 02       		.byte	0x2
 488 0040 05       		.byte	0x5
 489 0041 4F030000 		.4byte	.LASF2
 490 0045 03       		.uleb128 0x3
 491 0046 D9010000 		.4byte	.LASF4
ARM GAS  C:\Users\Asus\AppData\Local\Temp\ccZsGFdl.s 			page 14


 492 004a 02       		.byte	0x2
 493 004b 2B       		.byte	0x2b
 494 004c 50000000 		.4byte	0x50
 495 0050 02       		.uleb128 0x2
 496 0051 02       		.byte	0x2
 497 0052 07       		.byte	0x7
 498 0053 72000000 		.4byte	.LASF5
 499 0057 03       		.uleb128 0x3
 500 0058 57000000 		.4byte	.LASF6
 501 005c 02       		.byte	0x2
 502 005d 3F       		.byte	0x3f
 503 005e 62000000 		.4byte	0x62
 504 0062 02       		.uleb128 0x2
 505 0063 04       		.byte	0x4
 506 0064 05       		.byte	0x5
 507 0065 62030000 		.4byte	.LASF7
 508 0069 02       		.uleb128 0x2
 509 006a 04       		.byte	0x4
 510 006b 07       		.byte	0x7
 511 006c 85010000 		.4byte	.LASF8
 512 0070 02       		.uleb128 0x2
 513 0071 08       		.byte	0x8
 514 0072 05       		.byte	0x5
 515 0073 00000000 		.4byte	.LASF9
 516 0077 02       		.uleb128 0x2
 517 0078 08       		.byte	0x8
 518 0079 07       		.byte	0x7
 519 007a 57020000 		.4byte	.LASF10
 520 007e 04       		.uleb128 0x4
 521 007f 04       		.byte	0x4
 522 0080 05       		.byte	0x5
 523 0081 696E7400 		.ascii	"int\000"
 524 0085 02       		.uleb128 0x2
 525 0086 04       		.byte	0x4
 526 0087 07       		.byte	0x7
 527 0088 43020000 		.4byte	.LASF11
 528 008c 03       		.uleb128 0x3
 529 008d 6E020000 		.4byte	.LASF12
 530 0091 03       		.byte	0x3
 531 0092 18       		.byte	0x18
 532 0093 2C000000 		.4byte	0x2c
 533 0097 03       		.uleb128 0x3
 534 0098 59030000 		.4byte	.LASF13
 535 009c 03       		.byte	0x3
 536 009d 24       		.byte	0x24
 537 009e 45000000 		.4byte	0x45
 538 00a2 03       		.uleb128 0x3
 539 00a3 ED020000 		.4byte	.LASF14
 540 00a7 03       		.byte	0x3
 541 00a8 2C       		.byte	0x2c
 542 00a9 57000000 		.4byte	0x57
 543 00ad 05       		.uleb128 0x5
 544 00ae C1000000 		.4byte	.LASF15
 545 00b2 04       		.byte	0x4
 546 00b3 E801     		.2byte	0x1e8
 547 00b5 37000000 		.4byte	0x37
 548 00b9 05       		.uleb128 0x5
ARM GAS  C:\Users\Asus\AppData\Local\Temp\ccZsGFdl.s 			page 15


 549 00ba A7010000 		.4byte	.LASF16
 550 00be 04       		.byte	0x4
 551 00bf ED01     		.2byte	0x1ed
 552 00c1 62000000 		.4byte	0x62
 553 00c5 02       		.uleb128 0x2
 554 00c6 04       		.byte	0x4
 555 00c7 04       		.byte	0x4
 556 00c8 BB000000 		.4byte	.LASF17
 557 00cc 02       		.uleb128 0x2
 558 00cd 08       		.byte	0x8
 559 00ce 04       		.byte	0x4
 560 00cf A9000000 		.4byte	.LASF18
 561 00d3 02       		.uleb128 0x2
 562 00d4 01       		.byte	0x1
 563 00d5 08       		.byte	0x8
 564 00d6 2B030000 		.4byte	.LASF19
 565 00da 02       		.uleb128 0x2
 566 00db 08       		.byte	0x8
 567 00dc 04       		.byte	0x4
 568 00dd 85030000 		.4byte	.LASF20
 569 00e1 02       		.uleb128 0x2
 570 00e2 04       		.byte	0x4
 571 00e3 07       		.byte	0x7
 572 00e4 03030000 		.4byte	.LASF21
 573 00e8 06       		.uleb128 0x6
 574 00e9 01       		.byte	0x1
 575 00ea 37000000 		.4byte	0x37
 576 00ee 01       		.byte	0x1
 577 00ef 15       		.byte	0x15
 578 00f0 07010000 		.4byte	0x107
 579 00f4 07       		.uleb128 0x7
 580 00f5 93000000 		.4byte	.LASF22
 581 00f9 00       		.byte	0
 582 00fa 07       		.uleb128 0x7
 583 00fb FF010000 		.4byte	.LASF23
 584 00ff 01       		.byte	0x1
 585 0100 07       		.uleb128 0x7
 586 0101 E4010000 		.4byte	.LASF24
 587 0105 02       		.byte	0x2
 588 0106 00       		.byte	0
 589 0107 03       		.uleb128 0x3
 590 0108 AD010000 		.4byte	.LASF25
 591 010c 01       		.byte	0x1
 592 010d 19       		.byte	0x19
 593 010e E8000000 		.4byte	0xe8
 594 0112 08       		.uleb128 0x8
 595 0113 34000000 		.4byte	.LASF56
 596 0117 01       		.byte	0x1
 597 0118 A7       		.byte	0xa7
 598 0119 00000000 		.4byte	.LFB121
 599 011d 0C000000 		.4byte	.LFE121-.LFB121
 600 0121 01       		.uleb128 0x1
 601 0122 9C       		.byte	0x9c
 602 0123 09       		.uleb128 0x9
 603 0124 50020000 		.4byte	.LASF57
 604 0128 01       		.byte	0x1
 605 0129 AC       		.byte	0xac
ARM GAS  C:\Users\Asus\AppData\Local\Temp\ccZsGFdl.s 			page 16


 606 012a 00000000 		.4byte	.LFB122
 607 012e 24000000 		.4byte	.LFE122-.LFB122
 608 0132 01       		.uleb128 0x1
 609 0133 9C       		.byte	0x9c
 610 0134 51010000 		.4byte	0x151
 611 0138 0A       		.uleb128 0xa
 612 0139 4D000000 		.4byte	.LASF26
 613 013d 01       		.byte	0x1
 614 013e AE       		.byte	0xae
 615 013f 8C000000 		.4byte	0x8c
 616 0143 00000000 		.4byte	.LLST0
 617 0147 0B       		.uleb128 0xb
 618 0148 06000000 		.4byte	.LVL0
 619 014c 3C040000 		.4byte	0x43c
 620 0150 00       		.byte	0
 621 0151 0C       		.uleb128 0xc
 622 0152 ED010000 		.4byte	.LASF58
 623 0156 01       		.byte	0x1
 624 0157 38       		.byte	0x38
 625 0158 00000000 		.4byte	.LFB120
 626 015c 48010000 		.4byte	.LFE120-.LFB120
 627 0160 01       		.uleb128 0x1
 628 0161 9C       		.byte	0x9c
 629 0162 15030000 		.4byte	0x315
 630 0166 0D       		.uleb128 0xd
 631 0167 4E000000 		.4byte	.LBB2
 632 016b 16000000 		.4byte	.LBE2-.LBB2
 633 016f 81010000 		.4byte	0x181
 634 0173 0E       		.uleb128 0xe
 635 0174 6900     		.ascii	"i\000"
 636 0176 01       		.byte	0x1
 637 0177 57       		.byte	0x57
 638 0178 7E000000 		.4byte	0x7e
 639 017c 2A000000 		.4byte	.LLST1
 640 0180 00       		.byte	0
 641 0181 0D       		.uleb128 0xd
 642 0182 68000000 		.4byte	.LBB3
 643 0186 1E000000 		.4byte	.LBE3-.LBB3
 644 018a A7010000 		.4byte	0x1a7
 645 018e 0A       		.uleb128 0xa
 646 018f DB000000 		.4byte	.LASF27
 647 0193 01       		.byte	0x1
 648 0194 5D       		.byte	0x5d
 649 0195 7E000000 		.4byte	0x7e
 650 0199 49000000 		.4byte	.LLST2
 651 019d 0B       		.uleb128 0xb
 652 019e 70000000 		.4byte	.LVL14
 653 01a2 47040000 		.4byte	0x447
 654 01a6 00       		.byte	0
 655 01a7 0D       		.uleb128 0xd
 656 01a8 AC000000 		.4byte	.LBB4
 657 01ac 20000000 		.4byte	.LBE4-.LBB4
 658 01b0 FE010000 		.4byte	0x1fe
 659 01b4 0A       		.uleb128 0xa
 660 01b5 9D030000 		.4byte	.LASF28
 661 01b9 01       		.byte	0x1
 662 01ba 7A       		.byte	0x7a
ARM GAS  C:\Users\Asus\AppData\Local\Temp\ccZsGFdl.s 			page 17


 663 01bb 7E000000 		.4byte	0x7e
 664 01bf 68000000 		.4byte	.LLST3
 665 01c3 0F       		.uleb128 0xf
 666 01c4 B0000000 		.4byte	.LBB5
 667 01c8 14000000 		.4byte	.LBE5-.LBB5
 668 01cc 0A       		.uleb128 0xa
 669 01cd CE010000 		.4byte	.LASF29
 670 01d1 01       		.byte	0x1
 671 01d2 7D       		.byte	0x7d
 672 01d3 AD000000 		.4byte	0xad
 673 01d7 87000000 		.4byte	.LLST4
 674 01db 0A       		.uleb128 0xa
 675 01dc 30030000 		.4byte	.LASF30
 676 01e0 01       		.byte	0x1
 677 01e1 80       		.byte	0x80
 678 01e2 AD000000 		.4byte	0xad
 679 01e6 9B000000 		.4byte	.LLST5
 680 01ea 0B       		.uleb128 0xb
 681 01eb BC000000 		.4byte	.LVL22
 682 01ef 52040000 		.4byte	0x452
 683 01f3 0B       		.uleb128 0xb
 684 01f4 C4000000 		.4byte	.LVL25
 685 01f8 52040000 		.4byte	0x452
 686 01fc 00       		.byte	0
 687 01fd 00       		.byte	0
 688 01fe 0D       		.uleb128 0xd
 689 01ff DC000000 		.4byte	.LBB6
 690 0203 32000000 		.4byte	.LBE6-.LBB6
 691 0207 3D020000 		.4byte	0x23d
 692 020b 0E       		.uleb128 0xe
 693 020c 6900     		.ascii	"i\000"
 694 020e 01       		.byte	0x1
 695 020f 89       		.byte	0x89
 696 0210 7E000000 		.4byte	0x7e
 697 0214 C7000000 		.4byte	.LLST6
 698 0218 0B       		.uleb128 0xb
 699 0219 EE000000 		.4byte	.LVL30
 700 021d 52040000 		.4byte	0x452
 701 0221 0B       		.uleb128 0xb
 702 0222 F6000000 		.4byte	.LVL31
 703 0226 52040000 		.4byte	0x452
 704 022a 0B       		.uleb128 0xb
 705 022b FE000000 		.4byte	.LVL32
 706 022f 52040000 		.4byte	0x452
 707 0233 0B       		.uleb128 0xb
 708 0234 06010000 		.4byte	.LVL33
 709 0238 52040000 		.4byte	0x452
 710 023c 00       		.byte	0
 711 023d 10       		.uleb128 0x10
 712 023e 18000000 		.4byte	.LVL4
 713 0242 5D040000 		.4byte	0x45d
 714 0246 50020000 		.4byte	0x250
 715 024a 11       		.uleb128 0x11
 716 024b 01       		.uleb128 0x1
 717 024c 50       		.byte	0x50
 718 024d 01       		.uleb128 0x1
 719 024e 31       		.byte	0x31
ARM GAS  C:\Users\Asus\AppData\Local\Temp\ccZsGFdl.s 			page 18


 720 024f 00       		.byte	0
 721 0250 10       		.uleb128 0x10
 722 0251 1E000000 		.4byte	.LVL5
 723 0255 68040000 		.4byte	0x468
 724 0259 63020000 		.4byte	0x263
 725 025d 11       		.uleb128 0x11
 726 025e 01       		.uleb128 0x1
 727 025f 50       		.byte	0x50
 728 0260 01       		.uleb128 0x1
 729 0261 30       		.byte	0x30
 730 0262 00       		.byte	0
 731 0263 10       		.uleb128 0x10
 732 0264 24000000 		.4byte	.LVL6
 733 0268 73040000 		.4byte	0x473
 734 026c 76020000 		.4byte	0x276
 735 0270 11       		.uleb128 0x11
 736 0271 01       		.uleb128 0x1
 737 0272 50       		.byte	0x50
 738 0273 01       		.uleb128 0x1
 739 0274 30       		.byte	0x30
 740 0275 00       		.byte	0
 741 0276 10       		.uleb128 0x10
 742 0277 42000000 		.4byte	.LVL7
 743 027b 5D040000 		.4byte	0x45d
 744 027f 89020000 		.4byte	0x289
 745 0283 11       		.uleb128 0x11
 746 0284 01       		.uleb128 0x1
 747 0285 50       		.byte	0x50
 748 0286 01       		.uleb128 0x1
 749 0287 30       		.byte	0x30
 750 0288 00       		.byte	0
 751 0289 10       		.uleb128 0x10
 752 028a 48000000 		.4byte	.LVL8
 753 028e 68040000 		.4byte	0x468
 754 0292 9C020000 		.4byte	0x29c
 755 0296 11       		.uleb128 0x11
 756 0297 01       		.uleb128 0x1
 757 0298 50       		.byte	0x50
 758 0299 01       		.uleb128 0x1
 759 029a 31       		.byte	0x31
 760 029b 00       		.byte	0
 761 029c 10       		.uleb128 0x10
 762 029d 4E000000 		.4byte	.LVL9
 763 02a1 73040000 		.4byte	0x473
 764 02a5 AF020000 		.4byte	0x2af
 765 02a9 11       		.uleb128 0x11
 766 02aa 01       		.uleb128 0x1
 767 02ab 50       		.byte	0x50
 768 02ac 01       		.uleb128 0x1
 769 02ad 30       		.byte	0x30
 770 02ae 00       		.byte	0
 771 02af 0B       		.uleb128 0xb
 772 02b0 68000000 		.4byte	.LVL12
 773 02b4 7E040000 		.4byte	0x47e
 774 02b8 10       		.uleb128 0x10
 775 02b9 A0000000 		.4byte	.LVL17
 776 02bd 5D040000 		.4byte	0x45d
ARM GAS  C:\Users\Asus\AppData\Local\Temp\ccZsGFdl.s 			page 19


 777 02c1 CB020000 		.4byte	0x2cb
 778 02c5 11       		.uleb128 0x11
 779 02c6 01       		.uleb128 0x1
 780 02c7 50       		.byte	0x50
 781 02c8 01       		.uleb128 0x1
 782 02c9 30       		.byte	0x30
 783 02ca 00       		.byte	0
 784 02cb 10       		.uleb128 0x10
 785 02cc A6000000 		.4byte	.LVL18
 786 02d0 68040000 		.4byte	0x468
 787 02d4 DE020000 		.4byte	0x2de
 788 02d8 11       		.uleb128 0x11
 789 02d9 01       		.uleb128 0x1
 790 02da 50       		.byte	0x50
 791 02db 01       		.uleb128 0x1
 792 02dc 30       		.byte	0x30
 793 02dd 00       		.byte	0
 794 02de 10       		.uleb128 0x10
 795 02df AC000000 		.4byte	.LVL19
 796 02e3 73040000 		.4byte	0x473
 797 02e7 F1020000 		.4byte	0x2f1
 798 02eb 11       		.uleb128 0x11
 799 02ec 01       		.uleb128 0x1
 800 02ed 50       		.byte	0x50
 801 02ee 01       		.uleb128 0x1
 802 02ef 31       		.byte	0x31
 803 02f0 00       		.byte	0
 804 02f1 12       		.uleb128 0x12
 805 02f2 DC000000 		.4byte	.LVL27
 806 02f6 89040000 		.4byte	0x489
 807 02fa 11       		.uleb128 0x11
 808 02fb 01       		.uleb128 0x1
 809 02fc 50       		.byte	0x50
 810 02fd 05       		.uleb128 0x5
 811 02fe 03       		.byte	0x3
 812 02ff 08000000 		.4byte	.LANCHOR0+8
 813 0303 11       		.uleb128 0x11
 814 0304 01       		.uleb128 0x1
 815 0305 51       		.byte	0x51
 816 0306 05       		.uleb128 0x5
 817 0307 03       		.byte	0x3
 818 0308 08080000 		.4byte	.LANCHOR0+2056
 819 030c 11       		.uleb128 0x11
 820 030d 01       		.uleb128 0x1
 821 030e 52       		.byte	0x52
 822 030f 03       		.uleb128 0x3
 823 0310 0A       		.byte	0xa
 824 0311 0004     		.2byte	0x400
 825 0313 00       		.byte	0
 826 0314 00       		.byte	0
 827 0315 13       		.uleb128 0x13
 828 0316 FA010000 		.4byte	.LASF59
 829 031a 01       		.byte	0x1
 830 031b 24       		.byte	0x24
 831 031c 7E000000 		.4byte	0x7e
 832 0320 00000000 		.4byte	.LFB119
 833 0324 2C000000 		.4byte	.LFE119-.LFB119
ARM GAS  C:\Users\Asus\AppData\Local\Temp\ccZsGFdl.s 			page 20


 834 0328 01       		.uleb128 0x1
 835 0329 9C       		.byte	0x9c
 836 032a 81030000 		.4byte	0x381
 837 032e 10       		.uleb128 0x10
 838 032f 0A000000 		.4byte	.LVL37
 839 0333 94040000 		.4byte	0x494
 840 0337 45030000 		.4byte	0x345
 841 033b 11       		.uleb128 0x11
 842 033c 01       		.uleb128 0x1
 843 033d 50       		.byte	0x50
 844 033e 05       		.uleb128 0x5
 845 033f 03       		.byte	0x3
 846 0340 00000000 		.4byte	isr_button
 847 0344 00       		.byte	0
 848 0345 10       		.uleb128 0x10
 849 0346 10000000 		.4byte	.LVL38
 850 034a 9F040000 		.4byte	0x49f
 851 034e 5C030000 		.4byte	0x35c
 852 0352 11       		.uleb128 0x11
 853 0353 01       		.uleb128 0x1
 854 0354 50       		.byte	0x50
 855 0355 05       		.uleb128 0x5
 856 0356 03       		.byte	0x3
 857 0357 00000000 		.4byte	isr_rx
 858 035b 00       		.byte	0
 859 035c 0B       		.uleb128 0xb
 860 035d 14000000 		.4byte	.LVL39
 861 0361 AA040000 		.4byte	0x4aa
 862 0365 0B       		.uleb128 0xb
 863 0366 18000000 		.4byte	.LVL40
 864 036a B5040000 		.4byte	0x4b5
 865 036e 0B       		.uleb128 0xb
 866 036f 1C000000 		.4byte	.LVL41
 867 0373 C0040000 		.4byte	0x4c0
 868 0377 0B       		.uleb128 0xb
 869 0378 20000000 		.4byte	.LVL42
 870 037c 51010000 		.4byte	0x151
 871 0380 00       		.byte	0
 872 0381 14       		.uleb128 0x14
 873 0382 49030000 		.4byte	.LASF31
 874 0386 01       		.byte	0x1
 875 0387 1C       		.byte	0x1c
 876 0388 8C000000 		.4byte	0x8c
 877 038c 05       		.uleb128 0x5
 878 038d 03       		.byte	0x3
 879 038e 04000000 		.4byte	count
 880 0392 15       		.uleb128 0x15
 881 0393 B3010000 		.4byte	.LASF32
 882 0397 05       		.byte	0x5
 883 0398 1207     		.2byte	0x712
 884 039a 9E030000 		.4byte	0x39e
 885 039e 16       		.uleb128 0x16
 886 039f A2000000 		.4byte	0xa2
 887 03a3 17       		.uleb128 0x17
 888 03a4 B9000000 		.4byte	0xb9
 889 03a8 B4030000 		.4byte	0x3b4
 890 03ac 18       		.uleb128 0x18
ARM GAS  C:\Users\Asus\AppData\Local\Temp\ccZsGFdl.s 			page 21


 891 03ad E1000000 		.4byte	0xe1
 892 03b1 FF07     		.2byte	0x7ff
 893 03b3 00       		.byte	0
 894 03b4 19       		.uleb128 0x19
 895 03b5 1A030000 		.4byte	.LASF33
 896 03b9 01       		.byte	0x1
 897 03ba 0F       		.byte	0xf
 898 03bb A3030000 		.4byte	0x3a3
 899 03bf 05       		.uleb128 0x5
 900 03c0 03       		.byte	0x3
 901 03c1 00000000 		.4byte	fft_array
 902 03c5 19       		.uleb128 0x19
 903 03c6 3C030000 		.4byte	.LASF34
 904 03ca 01       		.byte	0x1
 905 03cb 1A       		.byte	0x1a
 906 03cc 07010000 		.4byte	0x107
 907 03d0 05       		.uleb128 0x5
 908 03d1 03       		.byte	0x3
 909 03d2 00000000 		.4byte	Currentstate
 910 03d6 19       		.uleb128 0x19
 911 03d7 B0000000 		.4byte	.LASF35
 912 03db 01       		.byte	0x1
 913 03dc 1D       		.byte	0x1d
 914 03dd 97000000 		.4byte	0x97
 915 03e1 05       		.uleb128 0x5
 916 03e2 03       		.byte	0x3
 917 03e3 00000000 		.4byte	ADC_Output
 918 03e7 17       		.uleb128 0x17
 919 03e8 97000000 		.4byte	0x97
 920 03ec F8030000 		.4byte	0x3f8
 921 03f0 18       		.uleb128 0x18
 922 03f1 E1000000 		.4byte	0xe1
 923 03f5 FF03     		.2byte	0x3ff
 924 03f7 00       		.byte	0
 925 03f8 19       		.uleb128 0x19
 926 03f9 3F000000 		.4byte	.LASF36
 927 03fd 01       		.byte	0x1
 928 03fe 1E       		.byte	0x1e
 929 03ff E7030000 		.4byte	0x3e7
 930 0403 05       		.uleb128 0x5
 931 0404 03       		.byte	0x3
 932 0405 00000000 		.4byte	SamplingArray
 933 0409 19       		.uleb128 0x19
 934 040a 1F020000 		.4byte	.LASF37
 935 040e 01       		.byte	0x1
 936 040f 1F       		.byte	0x1f
 937 0410 8C000000 		.4byte	0x8c
 938 0414 05       		.uleb128 0x5
 939 0415 03       		.byte	0x3
 940 0416 00000000 		.4byte	push_button_flag
 941 041a 19       		.uleb128 0x19
 942 041b F5020000 		.4byte	.LASF38
 943 041f 01       		.byte	0x1
 944 0420 20       		.byte	0x20
 945 0421 8C000000 		.4byte	0x8c
 946 0425 05       		.uleb128 0x5
 947 0426 03       		.byte	0x3
ARM GAS  C:\Users\Asus\AppData\Local\Temp\ccZsGFdl.s 			page 22


 948 0427 00000000 		.4byte	uart_rx_sflag
 949 042b 19       		.uleb128 0x19
 950 042c 0C030000 		.4byte	.LASF39
 951 0430 01       		.byte	0x1
 952 0431 21       		.byte	0x21
 953 0432 8C000000 		.4byte	0x8c
 954 0436 05       		.uleb128 0x5
 955 0437 03       		.byte	0x3
 956 0438 00000000 		.4byte	uart_rx_oflag
 957 043c 1A       		.uleb128 0x1a
 958 043d 08020000 		.4byte	.LASF40
 959 0441 08020000 		.4byte	.LASF40
 960 0445 06       		.byte	0x6
 961 0446 71       		.byte	0x71
 962 0447 1A       		.uleb128 0x1a
 963 0448 C7000000 		.4byte	.LASF41
 964 044c C7000000 		.4byte	.LASF41
 965 0450 07       		.byte	0x7
 966 0451 56       		.byte	0x56
 967 0452 1A       		.uleb128 0x1a
 968 0453 76010000 		.4byte	.LASF42
 969 0457 76010000 		.4byte	.LASF42
 970 045b 06       		.byte	0x6
 971 045c 8A       		.byte	0x8a
 972 045d 1A       		.uleb128 0x1a
 973 045e 85000000 		.4byte	.LASF43
 974 0462 85000000 		.4byte	.LASF43
 975 0466 08       		.byte	0x8
 976 0467 26       		.byte	0x26
 977 0468 1A       		.uleb128 0x1a
 978 0469 61000000 		.4byte	.LASF44
 979 046d 61000000 		.4byte	.LASF44
 980 0471 09       		.byte	0x9
 981 0472 26       		.byte	0x26
 982 0473 1A       		.uleb128 0x1a
 983 0474 97010000 		.4byte	.LASF45
 984 0478 97010000 		.4byte	.LASF45
 985 047c 0A       		.byte	0xa
 986 047d 26       		.byte	0x26
 987 047e 1A       		.uleb128 0x1a
 988 047f 6B030000 		.4byte	.LASF46
 989 0483 6B030000 		.4byte	.LASF46
 990 0487 07       		.byte	0x7
 991 0488 3D       		.byte	0x3d
 992 0489 1A       		.uleb128 0x1a
 993 048a 17020000 		.4byte	.LASF47
 994 048e 17020000 		.4byte	.LASF47
 995 0492 0B       		.byte	0xb
 996 0493 26       		.byte	0x26
 997 0494 1A       		.uleb128 0x1a
 998 0495 76020000 		.4byte	.LASF48
 999 0499 76020000 		.4byte	.LASF48
 1000 049d 0C       		.byte	0xc
 1001 049e 18       		.byte	0x18
 1002 049f 1A       		.uleb128 0x1a
 1003 04a0 0E000000 		.4byte	.LASF49
 1004 04a4 0E000000 		.4byte	.LASF49
ARM GAS  C:\Users\Asus\AppData\Local\Temp\ccZsGFdl.s 			page 23


 1005 04a8 0D       		.byte	0xd
 1006 04a9 18       		.byte	0x18
 1007 04aa 1A       		.uleb128 0x1a
 1008 04ab 1D000000 		.4byte	.LASF50
 1009 04af 1D000000 		.4byte	.LASF50
 1010 04b3 06       		.byte	0x6
 1011 04b4 54       		.byte	0x54
 1012 04b5 1A       		.uleb128 0x1a
 1013 04b6 98000000 		.4byte	.LASF51
 1014 04ba 98000000 		.4byte	.LASF51
 1015 04be 0E       		.byte	0xe
 1016 04bf 67       		.byte	0x67
 1017 04c0 1A       		.uleb128 0x1a
 1018 04c1 30020000 		.4byte	.LASF52
 1019 04c5 30020000 		.4byte	.LASF52
 1020 04c9 07       		.byte	0x7
 1021 04ca 3A       		.byte	0x3a
 1022 04cb 00       		.byte	0
 1023              		.section	.debug_abbrev,"",%progbits
 1024              	.Ldebug_abbrev0:
 1025 0000 01       		.uleb128 0x1
 1026 0001 11       		.uleb128 0x11
 1027 0002 01       		.byte	0x1
 1028 0003 25       		.uleb128 0x25
 1029 0004 0E       		.uleb128 0xe
 1030 0005 13       		.uleb128 0x13
 1031 0006 0B       		.uleb128 0xb
 1032 0007 03       		.uleb128 0x3
 1033 0008 0E       		.uleb128 0xe
 1034 0009 1B       		.uleb128 0x1b
 1035 000a 0E       		.uleb128 0xe
 1036 000b 55       		.uleb128 0x55
 1037 000c 17       		.uleb128 0x17
 1038 000d 11       		.uleb128 0x11
 1039 000e 01       		.uleb128 0x1
 1040 000f 10       		.uleb128 0x10
 1041 0010 17       		.uleb128 0x17
 1042 0011 00       		.byte	0
 1043 0012 00       		.byte	0
 1044 0013 02       		.uleb128 0x2
 1045 0014 24       		.uleb128 0x24
 1046 0015 00       		.byte	0
 1047 0016 0B       		.uleb128 0xb
 1048 0017 0B       		.uleb128 0xb
 1049 0018 3E       		.uleb128 0x3e
 1050 0019 0B       		.uleb128 0xb
 1051 001a 03       		.uleb128 0x3
 1052 001b 0E       		.uleb128 0xe
 1053 001c 00       		.byte	0
 1054 001d 00       		.byte	0
 1055 001e 03       		.uleb128 0x3
 1056 001f 16       		.uleb128 0x16
 1057 0020 00       		.byte	0
 1058 0021 03       		.uleb128 0x3
 1059 0022 0E       		.uleb128 0xe
 1060 0023 3A       		.uleb128 0x3a
 1061 0024 0B       		.uleb128 0xb
ARM GAS  C:\Users\Asus\AppData\Local\Temp\ccZsGFdl.s 			page 24


 1062 0025 3B       		.uleb128 0x3b
 1063 0026 0B       		.uleb128 0xb
 1064 0027 49       		.uleb128 0x49
 1065 0028 13       		.uleb128 0x13
 1066 0029 00       		.byte	0
 1067 002a 00       		.byte	0
 1068 002b 04       		.uleb128 0x4
 1069 002c 24       		.uleb128 0x24
 1070 002d 00       		.byte	0
 1071 002e 0B       		.uleb128 0xb
 1072 002f 0B       		.uleb128 0xb
 1073 0030 3E       		.uleb128 0x3e
 1074 0031 0B       		.uleb128 0xb
 1075 0032 03       		.uleb128 0x3
 1076 0033 08       		.uleb128 0x8
 1077 0034 00       		.byte	0
 1078 0035 00       		.byte	0
 1079 0036 05       		.uleb128 0x5
 1080 0037 16       		.uleb128 0x16
 1081 0038 00       		.byte	0
 1082 0039 03       		.uleb128 0x3
 1083 003a 0E       		.uleb128 0xe
 1084 003b 3A       		.uleb128 0x3a
 1085 003c 0B       		.uleb128 0xb
 1086 003d 3B       		.uleb128 0x3b
 1087 003e 05       		.uleb128 0x5
 1088 003f 49       		.uleb128 0x49
 1089 0040 13       		.uleb128 0x13
 1090 0041 00       		.byte	0
 1091 0042 00       		.byte	0
 1092 0043 06       		.uleb128 0x6
 1093 0044 04       		.uleb128 0x4
 1094 0045 01       		.byte	0x1
 1095 0046 0B       		.uleb128 0xb
 1096 0047 0B       		.uleb128 0xb
 1097 0048 49       		.uleb128 0x49
 1098 0049 13       		.uleb128 0x13
 1099 004a 3A       		.uleb128 0x3a
 1100 004b 0B       		.uleb128 0xb
 1101 004c 3B       		.uleb128 0x3b
 1102 004d 0B       		.uleb128 0xb
 1103 004e 01       		.uleb128 0x1
 1104 004f 13       		.uleb128 0x13
 1105 0050 00       		.byte	0
 1106 0051 00       		.byte	0
 1107 0052 07       		.uleb128 0x7
 1108 0053 28       		.uleb128 0x28
 1109 0054 00       		.byte	0
 1110 0055 03       		.uleb128 0x3
 1111 0056 0E       		.uleb128 0xe
 1112 0057 1C       		.uleb128 0x1c
 1113 0058 0B       		.uleb128 0xb
 1114 0059 00       		.byte	0
 1115 005a 00       		.byte	0
 1116 005b 08       		.uleb128 0x8
 1117 005c 2E       		.uleb128 0x2e
 1118 005d 00       		.byte	0
ARM GAS  C:\Users\Asus\AppData\Local\Temp\ccZsGFdl.s 			page 25


 1119 005e 3F       		.uleb128 0x3f
 1120 005f 19       		.uleb128 0x19
 1121 0060 03       		.uleb128 0x3
 1122 0061 0E       		.uleb128 0xe
 1123 0062 3A       		.uleb128 0x3a
 1124 0063 0B       		.uleb128 0xb
 1125 0064 3B       		.uleb128 0x3b
 1126 0065 0B       		.uleb128 0xb
 1127 0066 27       		.uleb128 0x27
 1128 0067 19       		.uleb128 0x19
 1129 0068 11       		.uleb128 0x11
 1130 0069 01       		.uleb128 0x1
 1131 006a 12       		.uleb128 0x12
 1132 006b 06       		.uleb128 0x6
 1133 006c 40       		.uleb128 0x40
 1134 006d 18       		.uleb128 0x18
 1135 006e 9742     		.uleb128 0x2117
 1136 0070 19       		.uleb128 0x19
 1137 0071 00       		.byte	0
 1138 0072 00       		.byte	0
 1139 0073 09       		.uleb128 0x9
 1140 0074 2E       		.uleb128 0x2e
 1141 0075 01       		.byte	0x1
 1142 0076 3F       		.uleb128 0x3f
 1143 0077 19       		.uleb128 0x19
 1144 0078 03       		.uleb128 0x3
 1145 0079 0E       		.uleb128 0xe
 1146 007a 3A       		.uleb128 0x3a
 1147 007b 0B       		.uleb128 0xb
 1148 007c 3B       		.uleb128 0x3b
 1149 007d 0B       		.uleb128 0xb
 1150 007e 27       		.uleb128 0x27
 1151 007f 19       		.uleb128 0x19
 1152 0080 11       		.uleb128 0x11
 1153 0081 01       		.uleb128 0x1
 1154 0082 12       		.uleb128 0x12
 1155 0083 06       		.uleb128 0x6
 1156 0084 40       		.uleb128 0x40
 1157 0085 18       		.uleb128 0x18
 1158 0086 9742     		.uleb128 0x2117
 1159 0088 19       		.uleb128 0x19
 1160 0089 01       		.uleb128 0x1
 1161 008a 13       		.uleb128 0x13
 1162 008b 00       		.byte	0
 1163 008c 00       		.byte	0
 1164 008d 0A       		.uleb128 0xa
 1165 008e 34       		.uleb128 0x34
 1166 008f 00       		.byte	0
 1167 0090 03       		.uleb128 0x3
 1168 0091 0E       		.uleb128 0xe
 1169 0092 3A       		.uleb128 0x3a
 1170 0093 0B       		.uleb128 0xb
 1171 0094 3B       		.uleb128 0x3b
 1172 0095 0B       		.uleb128 0xb
 1173 0096 49       		.uleb128 0x49
 1174 0097 13       		.uleb128 0x13
 1175 0098 02       		.uleb128 0x2
ARM GAS  C:\Users\Asus\AppData\Local\Temp\ccZsGFdl.s 			page 26


 1176 0099 17       		.uleb128 0x17
 1177 009a 00       		.byte	0
 1178 009b 00       		.byte	0
 1179 009c 0B       		.uleb128 0xb
 1180 009d 898201   		.uleb128 0x4109
 1181 00a0 00       		.byte	0
 1182 00a1 11       		.uleb128 0x11
 1183 00a2 01       		.uleb128 0x1
 1184 00a3 31       		.uleb128 0x31
 1185 00a4 13       		.uleb128 0x13
 1186 00a5 00       		.byte	0
 1187 00a6 00       		.byte	0
 1188 00a7 0C       		.uleb128 0xc
 1189 00a8 2E       		.uleb128 0x2e
 1190 00a9 01       		.byte	0x1
 1191 00aa 3F       		.uleb128 0x3f
 1192 00ab 19       		.uleb128 0x19
 1193 00ac 03       		.uleb128 0x3
 1194 00ad 0E       		.uleb128 0xe
 1195 00ae 3A       		.uleb128 0x3a
 1196 00af 0B       		.uleb128 0xb
 1197 00b0 3B       		.uleb128 0x3b
 1198 00b1 0B       		.uleb128 0xb
 1199 00b2 11       		.uleb128 0x11
 1200 00b3 01       		.uleb128 0x1
 1201 00b4 12       		.uleb128 0x12
 1202 00b5 06       		.uleb128 0x6
 1203 00b6 40       		.uleb128 0x40
 1204 00b7 18       		.uleb128 0x18
 1205 00b8 9742     		.uleb128 0x2117
 1206 00ba 19       		.uleb128 0x19
 1207 00bb 01       		.uleb128 0x1
 1208 00bc 13       		.uleb128 0x13
 1209 00bd 00       		.byte	0
 1210 00be 00       		.byte	0
 1211 00bf 0D       		.uleb128 0xd
 1212 00c0 0B       		.uleb128 0xb
 1213 00c1 01       		.byte	0x1
 1214 00c2 11       		.uleb128 0x11
 1215 00c3 01       		.uleb128 0x1
 1216 00c4 12       		.uleb128 0x12
 1217 00c5 06       		.uleb128 0x6
 1218 00c6 01       		.uleb128 0x1
 1219 00c7 13       		.uleb128 0x13
 1220 00c8 00       		.byte	0
 1221 00c9 00       		.byte	0
 1222 00ca 0E       		.uleb128 0xe
 1223 00cb 34       		.uleb128 0x34
 1224 00cc 00       		.byte	0
 1225 00cd 03       		.uleb128 0x3
 1226 00ce 08       		.uleb128 0x8
 1227 00cf 3A       		.uleb128 0x3a
 1228 00d0 0B       		.uleb128 0xb
 1229 00d1 3B       		.uleb128 0x3b
 1230 00d2 0B       		.uleb128 0xb
 1231 00d3 49       		.uleb128 0x49
 1232 00d4 13       		.uleb128 0x13
ARM GAS  C:\Users\Asus\AppData\Local\Temp\ccZsGFdl.s 			page 27


 1233 00d5 02       		.uleb128 0x2
 1234 00d6 17       		.uleb128 0x17
 1235 00d7 00       		.byte	0
 1236 00d8 00       		.byte	0
 1237 00d9 0F       		.uleb128 0xf
 1238 00da 0B       		.uleb128 0xb
 1239 00db 01       		.byte	0x1
 1240 00dc 11       		.uleb128 0x11
 1241 00dd 01       		.uleb128 0x1
 1242 00de 12       		.uleb128 0x12
 1243 00df 06       		.uleb128 0x6
 1244 00e0 00       		.byte	0
 1245 00e1 00       		.byte	0
 1246 00e2 10       		.uleb128 0x10
 1247 00e3 898201   		.uleb128 0x4109
 1248 00e6 01       		.byte	0x1
 1249 00e7 11       		.uleb128 0x11
 1250 00e8 01       		.uleb128 0x1
 1251 00e9 31       		.uleb128 0x31
 1252 00ea 13       		.uleb128 0x13
 1253 00eb 01       		.uleb128 0x1
 1254 00ec 13       		.uleb128 0x13
 1255 00ed 00       		.byte	0
 1256 00ee 00       		.byte	0
 1257 00ef 11       		.uleb128 0x11
 1258 00f0 8A8201   		.uleb128 0x410a
 1259 00f3 00       		.byte	0
 1260 00f4 02       		.uleb128 0x2
 1261 00f5 18       		.uleb128 0x18
 1262 00f6 9142     		.uleb128 0x2111
 1263 00f8 18       		.uleb128 0x18
 1264 00f9 00       		.byte	0
 1265 00fa 00       		.byte	0
 1266 00fb 12       		.uleb128 0x12
 1267 00fc 898201   		.uleb128 0x4109
 1268 00ff 01       		.byte	0x1
 1269 0100 11       		.uleb128 0x11
 1270 0101 01       		.uleb128 0x1
 1271 0102 31       		.uleb128 0x31
 1272 0103 13       		.uleb128 0x13
 1273 0104 00       		.byte	0
 1274 0105 00       		.byte	0
 1275 0106 13       		.uleb128 0x13
 1276 0107 2E       		.uleb128 0x2e
 1277 0108 01       		.byte	0x1
 1278 0109 3F       		.uleb128 0x3f
 1279 010a 19       		.uleb128 0x19
 1280 010b 03       		.uleb128 0x3
 1281 010c 0E       		.uleb128 0xe
 1282 010d 3A       		.uleb128 0x3a
 1283 010e 0B       		.uleb128 0xb
 1284 010f 3B       		.uleb128 0x3b
 1285 0110 0B       		.uleb128 0xb
 1286 0111 27       		.uleb128 0x27
 1287 0112 19       		.uleb128 0x19
 1288 0113 49       		.uleb128 0x49
 1289 0114 13       		.uleb128 0x13
ARM GAS  C:\Users\Asus\AppData\Local\Temp\ccZsGFdl.s 			page 28


 1290 0115 8701     		.uleb128 0x87
 1291 0117 19       		.uleb128 0x19
 1292 0118 11       		.uleb128 0x11
 1293 0119 01       		.uleb128 0x1
 1294 011a 12       		.uleb128 0x12
 1295 011b 06       		.uleb128 0x6
 1296 011c 40       		.uleb128 0x40
 1297 011d 18       		.uleb128 0x18
 1298 011e 9742     		.uleb128 0x2117
 1299 0120 19       		.uleb128 0x19
 1300 0121 01       		.uleb128 0x1
 1301 0122 13       		.uleb128 0x13
 1302 0123 00       		.byte	0
 1303 0124 00       		.byte	0
 1304 0125 14       		.uleb128 0x14
 1305 0126 34       		.uleb128 0x34
 1306 0127 00       		.byte	0
 1307 0128 03       		.uleb128 0x3
 1308 0129 0E       		.uleb128 0xe
 1309 012a 3A       		.uleb128 0x3a
 1310 012b 0B       		.uleb128 0xb
 1311 012c 3B       		.uleb128 0x3b
 1312 012d 0B       		.uleb128 0xb
 1313 012e 49       		.uleb128 0x49
 1314 012f 13       		.uleb128 0x13
 1315 0130 02       		.uleb128 0x2
 1316 0131 18       		.uleb128 0x18
 1317 0132 00       		.byte	0
 1318 0133 00       		.byte	0
 1319 0134 15       		.uleb128 0x15
 1320 0135 34       		.uleb128 0x34
 1321 0136 00       		.byte	0
 1322 0137 03       		.uleb128 0x3
 1323 0138 0E       		.uleb128 0xe
 1324 0139 3A       		.uleb128 0x3a
 1325 013a 0B       		.uleb128 0xb
 1326 013b 3B       		.uleb128 0x3b
 1327 013c 05       		.uleb128 0x5
 1328 013d 49       		.uleb128 0x49
 1329 013e 13       		.uleb128 0x13
 1330 013f 3F       		.uleb128 0x3f
 1331 0140 19       		.uleb128 0x19
 1332 0141 3C       		.uleb128 0x3c
 1333 0142 19       		.uleb128 0x19
 1334 0143 00       		.byte	0
 1335 0144 00       		.byte	0
 1336 0145 16       		.uleb128 0x16
 1337 0146 35       		.uleb128 0x35
 1338 0147 00       		.byte	0
 1339 0148 49       		.uleb128 0x49
 1340 0149 13       		.uleb128 0x13
 1341 014a 00       		.byte	0
 1342 014b 00       		.byte	0
 1343 014c 17       		.uleb128 0x17
 1344 014d 01       		.uleb128 0x1
 1345 014e 01       		.byte	0x1
 1346 014f 49       		.uleb128 0x49
ARM GAS  C:\Users\Asus\AppData\Local\Temp\ccZsGFdl.s 			page 29


 1347 0150 13       		.uleb128 0x13
 1348 0151 01       		.uleb128 0x1
 1349 0152 13       		.uleb128 0x13
 1350 0153 00       		.byte	0
 1351 0154 00       		.byte	0
 1352 0155 18       		.uleb128 0x18
 1353 0156 21       		.uleb128 0x21
 1354 0157 00       		.byte	0
 1355 0158 49       		.uleb128 0x49
 1356 0159 13       		.uleb128 0x13
 1357 015a 2F       		.uleb128 0x2f
 1358 015b 05       		.uleb128 0x5
 1359 015c 00       		.byte	0
 1360 015d 00       		.byte	0
 1361 015e 19       		.uleb128 0x19
 1362 015f 34       		.uleb128 0x34
 1363 0160 00       		.byte	0
 1364 0161 03       		.uleb128 0x3
 1365 0162 0E       		.uleb128 0xe
 1366 0163 3A       		.uleb128 0x3a
 1367 0164 0B       		.uleb128 0xb
 1368 0165 3B       		.uleb128 0x3b
 1369 0166 0B       		.uleb128 0xb
 1370 0167 49       		.uleb128 0x49
 1371 0168 13       		.uleb128 0x13
 1372 0169 3F       		.uleb128 0x3f
 1373 016a 19       		.uleb128 0x19
 1374 016b 02       		.uleb128 0x2
 1375 016c 18       		.uleb128 0x18
 1376 016d 00       		.byte	0
 1377 016e 00       		.byte	0
 1378 016f 1A       		.uleb128 0x1a
 1379 0170 2E       		.uleb128 0x2e
 1380 0171 00       		.byte	0
 1381 0172 3F       		.uleb128 0x3f
 1382 0173 19       		.uleb128 0x19
 1383 0174 3C       		.uleb128 0x3c
 1384 0175 19       		.uleb128 0x19
 1385 0176 6E       		.uleb128 0x6e
 1386 0177 0E       		.uleb128 0xe
 1387 0178 03       		.uleb128 0x3
 1388 0179 0E       		.uleb128 0xe
 1389 017a 3A       		.uleb128 0x3a
 1390 017b 0B       		.uleb128 0xb
 1391 017c 3B       		.uleb128 0x3b
 1392 017d 0B       		.uleb128 0xb
 1393 017e 00       		.byte	0
 1394 017f 00       		.byte	0
 1395 0180 00       		.byte	0
 1396              		.section	.debug_loc,"",%progbits
 1397              	.Ldebug_loc0:
 1398              	.LLST0:
 1399 0000 06000000 		.4byte	.LVL0
 1400 0004 10000000 		.4byte	.LVL1
 1401 0008 0100     		.2byte	0x1
 1402 000a 50       		.byte	0x50
 1403 000b 10000000 		.4byte	.LVL1
ARM GAS  C:\Users\Asus\AppData\Local\Temp\ccZsGFdl.s 			page 30


 1404 000f 12000000 		.4byte	.LVL2
 1405 0013 0200     		.2byte	0x2
 1406 0015 30       		.byte	0x30
 1407 0016 9F       		.byte	0x9f
 1408 0017 12000000 		.4byte	.LVL2
 1409 001b 1C000000 		.4byte	.LVL3
 1410 001f 0100     		.2byte	0x1
 1411 0021 50       		.byte	0x50
 1412 0022 00000000 		.4byte	0
 1413 0026 00000000 		.4byte	0
 1414              	.LLST1:
 1415 002a 4E000000 		.4byte	.LVL9
 1416 002e 52000000 		.4byte	.LVL10
 1417 0032 0200     		.2byte	0x2
 1418 0034 30       		.byte	0x30
 1419 0035 9F       		.byte	0x9f
 1420 0036 52000000 		.4byte	.LVL10
 1421 003a 67000000 		.4byte	.LVL12-1
 1422 003e 0100     		.2byte	0x1
 1423 0040 53       		.byte	0x53
 1424 0041 00000000 		.4byte	0
 1425 0045 00000000 		.4byte	0
 1426              	.LLST2:
 1427 0049 68000000 		.4byte	.LVL12
 1428 004d 6C000000 		.4byte	.LVL13
 1429 0051 0200     		.2byte	0x2
 1430 0053 30       		.byte	0x30
 1431 0054 9F       		.byte	0x9f
 1432 0055 6C000000 		.4byte	.LVL13
 1433 0059 9A000000 		.4byte	.LVL16
 1434 005d 0100     		.2byte	0x1
 1435 005f 54       		.byte	0x54
 1436 0060 00000000 		.4byte	0
 1437 0064 00000000 		.4byte	0
 1438              	.LLST3:
 1439 0068 AC000000 		.4byte	.LVL19
 1440 006c B0000000 		.4byte	.LVL20
 1441 0070 0200     		.2byte	0x2
 1442 0072 30       		.byte	0x30
 1443 0073 9F       		.byte	0x9f
 1444 0074 B0000000 		.4byte	.LVL20
 1445 0078 DE000000 		.4byte	.LVL28
 1446 007c 0100     		.2byte	0x1
 1447 007e 55       		.byte	0x55
 1448 007f 00000000 		.4byte	0
 1449 0083 00000000 		.4byte	0
 1450              	.LLST4:
 1451 0087 B6000000 		.4byte	.LVL21
 1452 008b BB000000 		.4byte	.LVL22-1
 1453 008f 0200     		.2byte	0x2
 1454 0091 74       		.byte	0x74
 1455 0092 08       		.sleb128 8
 1456 0093 00000000 		.4byte	0
 1457 0097 00000000 		.4byte	0
 1458              	.LLST5:
 1459 009b BE000000 		.4byte	.LVL23
 1460 009f C0000000 		.4byte	.LVL24
ARM GAS  C:\Users\Asus\AppData\Local\Temp\ccZsGFdl.s 			page 31


 1461 00a3 0500     		.2byte	0x5
 1462 00a5 70       		.byte	0x70
 1463 00a6 00       		.sleb128 0
 1464 00a7 38       		.byte	0x38
 1465 00a8 25       		.byte	0x25
 1466 00a9 9F       		.byte	0x9f
 1467 00aa C0000000 		.4byte	.LVL24
 1468 00ae C3000000 		.4byte	.LVL25-1
 1469 00b2 0B00     		.2byte	0xb
 1470 00b4 74       		.byte	0x74
 1471 00b5 08       		.sleb128 8
 1472 00b6 94       		.byte	0x94
 1473 00b7 02       		.byte	0x2
 1474 00b8 0A       		.byte	0xa
 1475 00b9 FFFF     		.2byte	0xffff
 1476 00bb 1A       		.byte	0x1a
 1477 00bc 38       		.byte	0x38
 1478 00bd 25       		.byte	0x25
 1479 00be 9F       		.byte	0x9f
 1480 00bf 00000000 		.4byte	0
 1481 00c3 00000000 		.4byte	0
 1482              	.LLST6:
 1483 00c7 DC000000 		.4byte	.LVL27
 1484 00cb E0000000 		.4byte	.LVL29
 1485 00cf 0200     		.2byte	0x2
 1486 00d1 30       		.byte	0x30
 1487 00d2 9F       		.byte	0x9f
 1488 00d3 E0000000 		.4byte	.LVL29
 1489 00d7 3E010000 		.4byte	.LVL36
 1490 00db 0100     		.2byte	0x1
 1491 00dd 55       		.byte	0x55
 1492 00de 00000000 		.4byte	0
 1493 00e2 00000000 		.4byte	0
 1494              		.section	.debug_aranges,"",%progbits
 1495 0000 34000000 		.4byte	0x34
 1496 0004 0200     		.2byte	0x2
 1497 0006 00000000 		.4byte	.Ldebug_info0
 1498 000a 04       		.byte	0x4
 1499 000b 00       		.byte	0
 1500 000c 0000     		.2byte	0
 1501 000e 0000     		.2byte	0
 1502 0010 00000000 		.4byte	.LFB121
 1503 0014 0C000000 		.4byte	.LFE121-.LFB121
 1504 0018 00000000 		.4byte	.LFB122
 1505 001c 24000000 		.4byte	.LFE122-.LFB122
 1506 0020 00000000 		.4byte	.LFB120
 1507 0024 48010000 		.4byte	.LFE120-.LFB120
 1508 0028 00000000 		.4byte	.LFB119
 1509 002c 2C000000 		.4byte	.LFE119-.LFB119
 1510 0030 00000000 		.4byte	0
 1511 0034 00000000 		.4byte	0
 1512              		.section	.debug_ranges,"",%progbits
 1513              	.Ldebug_ranges0:
 1514 0000 00000000 		.4byte	.LFB121
 1515 0004 0C000000 		.4byte	.LFE121
 1516 0008 00000000 		.4byte	.LFB122
 1517 000c 24000000 		.4byte	.LFE122
ARM GAS  C:\Users\Asus\AppData\Local\Temp\ccZsGFdl.s 			page 32


 1518 0010 00000000 		.4byte	.LFB120
 1519 0014 48010000 		.4byte	.LFE120
 1520 0018 00000000 		.4byte	.LFB119
 1521 001c 2C000000 		.4byte	.LFE119
 1522 0020 00000000 		.4byte	0
 1523 0024 00000000 		.4byte	0
 1524              		.section	.debug_line,"",%progbits
 1525              	.Ldebug_line0:
 1526 0000 F0020000 		.section	.debug_str,"MS",%progbits,1
 1526      02000002 
 1526      00000201 
 1526      FB0E0D00 
 1526      01010101 
 1527              	.LASF9:
 1528 0000 6C6F6E67 		.ascii	"long long int\000"
 1528      206C6F6E 
 1528      6720696E 
 1528      7400
 1529              	.LASF49:
 1530 000e 6973725F 		.ascii	"isr_rx_StartEx\000"
 1530      72785F53 
 1530      74617274 
 1530      457800
 1531              	.LASF50:
 1532 001d 55415254 		.ascii	"UART_1_Start\000"
 1532      5F315F53 
 1532      74617274 
 1532      00
 1533              	.LASF3:
 1534 002a 5F5F7569 		.ascii	"__uint8_t\000"
 1534      6E74385F 
 1534      7400
 1535              	.LASF56:
 1536 0034 6973725F 		.ascii	"isr_button\000"
 1536      62757474 
 1536      6F6E00
 1537              	.LASF36:
 1538 003f 53616D70 		.ascii	"SamplingArray\000"
 1538      6C696E67 
 1538      41727261 
 1538      7900
 1539              	.LASF26:
 1540 004d 63686172 		.ascii	"character\000"
 1540      61637465 
 1540      7200
 1541              	.LASF6:
 1542 0057 5F5F696E 		.ascii	"__int32_t\000"
 1542      7433325F 
 1542      7400
 1543              	.LASF44:
 1544 0061 59656C6C 		.ascii	"Yellow_LED_Write\000"
 1544      6F775F4C 
 1544      45445F57 
 1544      72697465 
 1544      00
 1545              	.LASF5:
 1546 0072 73686F72 		.ascii	"short unsigned int\000"
ARM GAS  C:\Users\Asus\AppData\Local\Temp\ccZsGFdl.s 			page 33


 1546      7420756E 
 1546      7369676E 
 1546      65642069 
 1546      6E7400
 1547              	.LASF43:
 1548 0085 5265645F 		.ascii	"Red_LED_Write\000"
 1548      4C45445F 
 1548      57726974 
 1548      6500
 1549              	.LASF22:
 1550 0093 49444C45 		.ascii	"IDLE\000"
 1550      00
 1551              	.LASF51:
 1552 0098 57617665 		.ascii	"WaveDAC8_1_Start\000"
 1552      44414338 
 1552      5F315F53 
 1552      74617274 
 1552      00
 1553              	.LASF18:
 1554 00a9 646F7562 		.ascii	"double\000"
 1554      6C6500
 1555              	.LASF35:
 1556 00b0 4144435F 		.ascii	"ADC_Output\000"
 1556      4F757470 
 1556      757400
 1557              	.LASF17:
 1558 00bb 666C6F61 		.ascii	"float\000"
 1558      7400
 1559              	.LASF15:
 1560 00c1 75696E74 		.ascii	"uint8\000"
 1560      3800
 1561              	.LASF41:
 1562 00c7 4144435F 		.ascii	"ADC_DelSig_1_Read32\000"
 1562      44656C53 
 1562      69675F31 
 1562      5F526561 
 1562      64333200 
 1563              	.LASF27:
 1564 00db 73616D70 		.ascii	"sample_count\000"
 1564      6C655F63 
 1564      6F756E74 
 1564      00
 1565              	.LASF53:
 1566 00e8 474E5520 		.ascii	"GNU C11 5.4.1 20160609 (release) [ARM/embedded-5-br"
 1566      43313120 
 1566      352E342E 
 1566      31203230 
 1566      31363036 
 1567 011b 616E6368 		.ascii	"anch revision 237715] -mcpu=cortex-m3 -mthumb -g -O"
 1567      20726576 
 1567      6973696F 
 1567      6E203233 
 1567      37373135 
 1568 014e 67202D66 		.ascii	"g -ffunction-sections -ffat-lto-objects\000"
 1568      66756E63 
 1568      74696F6E 
 1568      2D736563 
ARM GAS  C:\Users\Asus\AppData\Local\Temp\ccZsGFdl.s 			page 34


 1568      74696F6E 
 1569              	.LASF42:
 1570 0176 55415254 		.ascii	"UART_1_PutChar\000"
 1570      5F315F50 
 1570      75744368 
 1570      617200
 1571              	.LASF8:
 1572 0185 6C6F6E67 		.ascii	"long unsigned int\000"
 1572      20756E73 
 1572      69676E65 
 1572      6420696E 
 1572      7400
 1573              	.LASF45:
 1574 0197 47726565 		.ascii	"Green_LED_Write\000"
 1574      6E5F4C45 
 1574      445F5772 
 1574      69746500 
 1575              	.LASF16:
 1576 01a7 696E7433 		.ascii	"int32\000"
 1576      3200
 1577              	.LASF25:
 1578 01ad 53746174 		.ascii	"State\000"
 1578      6500
 1579              	.LASF32:
 1580 01b3 49544D5F 		.ascii	"ITM_RxBuffer\000"
 1580      52784275 
 1580      66666572 
 1580      00
 1581              	.LASF1:
 1582 01c0 756E7369 		.ascii	"unsigned char\000"
 1582      676E6564 
 1582      20636861 
 1582      7200
 1583              	.LASF29:
 1584 01ce 6C6F7765 		.ascii	"lower8bits\000"
 1584      72386269 
 1584      747300
 1585              	.LASF4:
 1586 01d9 5F5F7569 		.ascii	"__uint16_t\000"
 1586      6E743136 
 1586      5F7400
 1587              	.LASF24:
 1588 01e4 5452414E 		.ascii	"TRANSFER\000"
 1588      53464552 
 1588      00
 1589              	.LASF58:
 1590 01ed 73746174 		.ascii	"statemachine\000"
 1590      656D6163 
 1590      68696E65 
 1590      00
 1591              	.LASF59:
 1592 01fa 6D61696E 		.ascii	"main\000"
 1592      00
 1593              	.LASF23:
 1594 01ff 53414D50 		.ascii	"SAMPLING\000"
 1594      4C494E47 
 1594      00
ARM GAS  C:\Users\Asus\AppData\Local\Temp\ccZsGFdl.s 			page 35


 1595              	.LASF40:
 1596 0208 55415254 		.ascii	"UART_1_GetChar\000"
 1596      5F315F47 
 1596      65744368 
 1596      617200
 1597              	.LASF47:
 1598 0217 6666745F 		.ascii	"fft_app\000"
 1598      61707000 
 1599              	.LASF37:
 1600 021f 70757368 		.ascii	"push_button_flag\000"
 1600      5F627574 
 1600      746F6E5F 
 1600      666C6167 
 1600      00
 1601              	.LASF52:
 1602 0230 4144435F 		.ascii	"ADC_DelSig_1_Start\000"
 1602      44656C53 
 1602      69675F31 
 1602      5F537461 
 1602      727400
 1603              	.LASF11:
 1604 0243 756E7369 		.ascii	"unsigned int\000"
 1604      676E6564 
 1604      20696E74 
 1604      00
 1605              	.LASF57:
 1606 0250 6973725F 		.ascii	"isr_rx\000"
 1606      727800
 1607              	.LASF10:
 1608 0257 6C6F6E67 		.ascii	"long long unsigned int\000"
 1608      206C6F6E 
 1608      6720756E 
 1608      7369676E 
 1608      65642069 
 1609              	.LASF12:
 1610 026e 75696E74 		.ascii	"uint8_t\000"
 1610      385F7400 
 1611              	.LASF48:
 1612 0276 6973725F 		.ascii	"isr_Button_StartEx\000"
 1612      42757474 
 1612      6F6E5F53 
 1612      74617274 
 1612      457800
 1613              	.LASF55:
 1614 0289 433A5C55 		.ascii	"C:\\Users\\Asus\\Desktop\\HDA\\Semester_2\\SDHD\\La"
 1614      73657273 
 1614      5C417375 
 1614      735C4465 
 1614      736B746F 
 1615 02b5 625C5344 		.ascii	"b\\SDHD_Lab5\\Software\\Lab03_Lab04\\Motion_Detecti"
 1615      48445F4C 
 1615      6162355C 
 1615      536F6674 
 1615      77617265 
 1616 02e4 6F6E2E63 		.ascii	"on.cydsn\000"
 1616      7964736E 
 1616      00
ARM GAS  C:\Users\Asus\AppData\Local\Temp\ccZsGFdl.s 			page 36


 1617              	.LASF14:
 1618 02ed 696E7433 		.ascii	"int32_t\000"
 1618      325F7400 
 1619              	.LASF38:
 1620 02f5 75617274 		.ascii	"uart_rx_sflag\000"
 1620      5F72785F 
 1620      73666C61 
 1620      6700
 1621              	.LASF21:
 1622 0303 73697A65 		.ascii	"sizetype\000"
 1622      74797065 
 1622      00
 1623              	.LASF39:
 1624 030c 75617274 		.ascii	"uart_rx_oflag\000"
 1624      5F72785F 
 1624      6F666C61 
 1624      6700
 1625              	.LASF33:
 1626 031a 6666745F 		.ascii	"fft_array\000"
 1626      61727261 
 1626      7900
 1627              	.LASF54:
 1628 0324 6D61696E 		.ascii	"main.c\000"
 1628      2E6300
 1629              	.LASF19:
 1630 032b 63686172 		.ascii	"char\000"
 1630      00
 1631              	.LASF30:
 1632 0330 68696768 		.ascii	"higher8bits\000"
 1632      65723862 
 1632      69747300 
 1633              	.LASF34:
 1634 033c 43757272 		.ascii	"Currentstate\000"
 1634      656E7473 
 1634      74617465 
 1634      00
 1635              	.LASF31:
 1636 0349 636F756E 		.ascii	"count\000"
 1636      7400
 1637              	.LASF2:
 1638 034f 73686F72 		.ascii	"short int\000"
 1638      7420696E 
 1638      7400
 1639              	.LASF13:
 1640 0359 75696E74 		.ascii	"uint16_t\000"
 1640      31365F74 
 1640      00
 1641              	.LASF7:
 1642 0362 6C6F6E67 		.ascii	"long int\000"
 1642      20696E74 
 1642      00
 1643              	.LASF46:
 1644 036b 4144435F 		.ascii	"ADC_DelSig_1_StartConvert\000"
 1644      44656C53 
 1644      69675F31 
 1644      5F537461 
 1644      7274436F 
ARM GAS  C:\Users\Asus\AppData\Local\Temp\ccZsGFdl.s 			page 37


 1645              	.LASF20:
 1646 0385 6C6F6E67 		.ascii	"long double\000"
 1646      20646F75 
 1646      626C6500 
 1647              	.LASF0:
 1648 0391 7369676E 		.ascii	"signed char\000"
 1648      65642063 
 1648      68617200 
 1649              	.LASF28:
 1650 039d 73656E64 		.ascii	"send_count\000"
 1650      5F636F75 
 1650      6E7400
 1651              		.ident	"GCC: (GNU Tools for ARM Embedded Processors) 5.4.1 20160609 (release) [ARM/embedded-5-bran
